Log file open, 02/23/20 20:47:18
LogWindows: Failed to load 'aqProf.dll' (GetLastError=126)
LogWindows: File 'aqProf.dll' does not exist
LogWindows: Failed to load 'VtuneApi.dll' (GetLastError=126)
LogWindows: File 'VtuneApi.dll' does not exist
LogWindows: Failed to load 'VtuneApi32e.dll' (GetLastError=126)
LogWindows: File 'VtuneApi32e.dll' does not exist
LogConsoleResponse: Display: Failed to find resolution value strings in scalability ini. Falling back to default.
LogInit: Display: Running engine for game: UnrealTopDownGame
LogPlatformFile: Not using cached read wrapper
LogTaskGraph: Started task graph with 5 named threads and 20 total threads with 3 sets of task threads.
LogStats: Stats thread started at 0.110226
LogICUInternationalization: ICU TimeZone Detection - Raw Offset: -5:00, Platform Override: ''
LogPluginManager: Error: Failed to read file. Invalid Json Token. Line: 1 Ch: 1 (C:/Program Files/Epic Games/UE_4.24/Engine/Plugins/Lumin/MagicLeapContacts/MagicLeapContacts.uplugin)
LogD3D11RHI: Loaded GFSDK_Aftermath_Lib.x64.dll
LogPluginManager: Mounting plugin Paper2D
LogPluginManager: Mounting plugin AISupport
LogPluginManager: Mounting plugin LightPropagationVolume
LogPluginManager: Mounting plugin ActorLayerUtilities
LogPluginManager: Mounting plugin AnimationSharing
LogPluginManager: Mounting plugin CLionSourceCodeAccess
LogPluginManager: Mounting plugin CodeLiteSourceCodeAccess
LogPluginManager: Mounting plugin GitSourceControl
LogPluginManager: Mounting plugin KDevelopSourceCodeAccess
LogPluginManager: Mounting plugin NullSourceCodeAccess
LogPluginManager: Mounting plugin PerforceSourceControl
LogPluginManager: Mounting plugin PlasticSourceControl
LogPluginManager: Mounting plugin SubversionSourceControl
LogPluginManager: Mounting plugin UObjectPlugin
LogPluginManager: Mounting plugin VisualStudioCodeSourceCodeAccess
LogPluginManager: Mounting plugin VisualStudioSourceCodeAccess
LogPluginManager: Mounting plugin XCodeSourceCodeAccess
LogPluginManager: Mounting plugin AssetManagerEditor
LogPluginManager: Mounting plugin CryptoKeys
LogPluginManager: Mounting plugin CurveEditorTools
LogPluginManager: Mounting plugin DataValidation
LogPluginManager: Mounting plugin FacialAnimation
LogPluginManager: Mounting plugin GameplayTagsEditor
LogPluginManager: Mounting plugin MacGraphicsSwitching
LogPluginManager: Mounting plugin MaterialAnalyzer
LogPluginManager: Mounting plugin MobileLauncherProfileWizard
LogPluginManager: Mounting plugin PluginBrowser
LogPluginManager: Mounting plugin SpeedTreeImporter
LogPluginManager: Mounting plugin DatasmithContent
LogPluginManager: Mounting plugin VariantManagerContent
LogPluginManager: Mounting plugin AlembicImporter
LogPluginManager: Mounting plugin AutomationUtils
LogPluginManager: Mounting plugin BackChannel
LogPluginManager: Mounting plugin CharacterAI
LogPluginManager: Mounting plugin GeometryCache
LogPluginManager: Mounting plugin PlatformCrypto
LogPluginManager: Mounting plugin ProxyLODPlugin
LogPluginManager: Mounting plugin SkeletalReduction
LogPluginManager: Mounting plugin MagicLeap
LogPluginManager: Mounting plugin MagicLeapMedia
LogPluginManager: Mounting plugin MLSDK
LogPluginManager: Mounting plugin AndroidMedia
LogPluginManager: Mounting plugin AvfMedia
LogPluginManager: Mounting plugin ImgMedia
LogPluginManager: Mounting plugin MediaCompositing
LogPluginManager: Mounting plugin MediaPlayerEditor
LogPluginManager: Mounting plugin WebMMedia
LogPluginManager: Mounting plugin WmfMedia
LogPluginManager: Mounting plugin TcpMessaging
LogPluginManager: Mounting plugin UdpMessaging
LogPluginManager: Mounting plugin ActorSequence
LogPluginManager: Mounting plugin LevelSequenceEditor
LogPluginManager: Mounting plugin MatineeToLevelSequence
LogPluginManager: Mounting plugin NetcodeUnitTest
LogPluginManager: Mounting plugin NUTUnrealEngine4
LogPluginManager: Mounting plugin OnlineSubsystemGooglePlay
LogPluginManager: Mounting plugin OnlineSubsystemIOS
LogPluginManager: Mounting plugin OnlineSubsystem
LogPluginManager: Mounting plugin OnlineSubsystemNull
LogPluginManager: Mounting plugin OnlineSubsystemUtils
LogPluginManager: Mounting plugin LauncherChunkInstaller
LogPluginManager: Mounting plugin AndroidDeviceProfileSelector
LogPluginManager: Mounting plugin AndroidMoviePlayer
LogPluginManager: Mounting plugin AndroidPermission
LogPluginManager: Mounting plugin AppleImageUtils
LogPluginManager: Mounting plugin AppleMoviePlayer
LogPluginManager: Mounting plugin ArchVisCharacter
LogPluginManager: Mounting plugin AssetTags
LogPluginManager: Mounting plugin AudioCapture
LogPluginManager: Mounting plugin CableComponent
LogPluginManager: Mounting plugin CustomMeshComponent
LogPluginManager: Mounting plugin EditableMesh
LogPluginManager: Mounting plugin ExampleDeviceProfileSelector
LogPluginManager: Mounting plugin GoogleCloudMessaging
LogPluginManager: Mounting plugin IOSDeviceProfileSelector
LogPluginManager: Mounting plugin LinuxDeviceProfileSelector
LogPluginManager: Mounting plugin LocationServicesBPLibrary
LogPluginManager: Mounting plugin MobilePatchingUtils
LogPluginManager: Mounting plugin OculusVR
LogPluginManager: Mounting plugin PhysXVehicles
LogPluginManager: Mounting plugin PostSplashScreen
LogPluginManager: Mounting plugin ProceduralMeshComponent
LogPluginManager: Mounting plugin RuntimePhysXCooking
LogPluginManager: Mounting plugin SignificanceManager
LogPluginManager: Mounting plugin SteamVR
LogPluginManager: Mounting plugin WebMMoviePlayer
LogPluginManager: Mounting plugin WindowsMoviePlayer
LogPluginManager: Mounting plugin ScreenshotTools
LogInit: Using libcurl 7.55.1-DEV
LogInit:  - built for x86_64-pc-win32
LogInit:  - supports SSL with OpenSSL/1.1.1
LogInit:  - supports HTTP deflate (compression) using libz 1.2.8
LogInit:  - other features:
LogInit:      CURL_VERSION_SSL
LogInit:      CURL_VERSION_LIBZ
LogInit:      CURL_VERSION_IPV6
LogInit:      CURL_VERSION_ASYNCHDNS
LogInit:      CURL_VERSION_LARGEFILE
LogInit:      CURL_VERSION_IDN
LogInit:  CurlRequestOptions (configurable via config and command line):
LogInit:  - bVerifyPeer = true  - Libcurl will verify peer certificate
LogInit:  - bUseHttpProxy = false  - Libcurl will NOT use HTTP proxy
LogInit:  - bDontReuseConnections = false  - Libcurl will reuse connections
LogInit:  - MaxHostConnections = 16  - Libcurl will limit the number of connections to a host
LogInit:  - LocalHostAddr = Default
LogInit:  - BufferSize = 65536
LogOnline: OSS: Creating online subsystem instance for: NULL
LogInit: WinSock: version 1.1 (2.2), MaxSocks=32767, MaxUdp=65467
LogOnline: OSS: TryLoadSubsystemAndSetDefault: Loaded subsystem for module [NULL]
LogInit: Build: ++UE4+Release-4.24-CL-11100242
LogInit: Engine Version: 4.24.2-11100242+++UE4+Release-4.24
LogInit: Compatible Engine Version: 4.24.0-10570792+++UE4+Release-4.24
LogInit: Net CL: 10570792
LogInit: OS: Windows 7 (Service Pack 1), CPU: AMD Phenom(tm) II X6 1090T Processor, GPU: AMD Radeon R7 200 Series
LogInit: Compiled (64-bit): Jan 24 2020 02:05:53
LogInit: Compiled with Visual C++: 19.16.27032.01
LogInit: Build Configuration: Development
LogInit: Branch Name: ++UE4+Release-4.24
LogInit: Command Line:  -EpicPortal -epicusername=bob099 -epicuserid=e4f8bd3dca834d2484eecd77c5c45cca -epiclocale=en
LogInit: Base Directory: C:/Program Files/Epic Games/UE_4.24/Engine/Binaries/Win64/
LogInit: Installed Engine Build: 1
LogDevObjectVersion: Number of dev versions registered: 25
LogDevObjectVersion:   Dev-Blueprints (B0D832E4-1F89-4F0D-ACCF-7EB736FD4AA2): 10
LogDevObjectVersion:   Dev-Build (E1C64328-A22C-4D53-A36C-8E866417BD8C): 0
LogDevObjectVersion:   Dev-Core (375EC13C-06E4-48FB-B500-84F0262A717E): 3
LogDevObjectVersion:   Dev-Editor (E4B068ED-F494-42E9-A231-DA0B2E46BB41): 37
LogDevObjectVersion:   Dev-Framework (CFFC743F-43B0-4480-9391-14DF171D2073): 36
LogDevObjectVersion:   Dev-Mobile (B02B49B5-BB20-44E9-A304-32B752E40360): 2
LogDevObjectVersion:   Dev-Networking (A4E4105C-59A1-49B5-A7C5-40C4547EDFEE): 0
LogDevObjectVersion:   Dev-Online (39C831C9-5AE6-47DC-9A44-9C173E1C8E7C): 0
LogDevObjectVersion:   Dev-Physics (78F01B33-EBEA-4F98-B9B4-84EACCB95AA2): 2
LogDevObjectVersion:   Dev-Platform (6631380F-2D4D-43E0-8009-CF276956A95A): 0
LogDevObjectVersion:   Dev-Rendering (12F88B9F-8875-4AFC-A67C-D90C383ABD29): 36
LogDevObjectVersion:   Dev-Sequencer (7B5AE74C-D270-4C10-A958-57980B212A5A): 11
LogDevObjectVersion:   Dev-VR (D7296918-1DD6-4BDD-9DE2-64A83CC13884): 2
LogDevObjectVersion:   Dev-LoadTimes (C2A15278-BFE7-4AFE-6C17-90FF531DF755): 1
LogDevObjectVersion:   Private-Geometry (6EACA3D4-40EC-4CC1-B786-8BED09428FC5): 3
LogDevObjectVersion:   Dev-AnimPhys (29E575DD-E0A3-4627-9D10-D276232CDCEA): 17
LogDevObjectVersion:   Dev-Anim (AF43A65D-7FD3-4947-9873-3E8ED9C1BB05): 2
LogDevObjectVersion:   Dev-ReflectionCapture (6B266CEC-1EC7-4B8F-A30B-E4D90942FC07): 1
LogDevObjectVersion:   Dev-Automation (0DF73D61-A23F-47EA-B727-89E90C41499A): 1
LogDevObjectVersion:   FortniteMain (601D1886-AC64-4F84-AA16-D3DE0DEAC7D6): 31
LogDevObjectVersion:   Dev-Enterprise (9DFFBCD6-494F-0158-E221-12823C92A888): 8
LogDevObjectVersion:   Dev-Niagara (F2AED0AC-9AFE-416F-8664-AA7FFA26D6FC): 1
LogDevObjectVersion:   Dev-Destruction (174F1F0B-B4C6-45A5-B13F-2EE8D0FB917D): 9
LogDevObjectVersion:   Dev-Physics-Ext (35F94A83-E258-406C-A318-09F59610247C): 8
LogDevObjectVersion:   Dev-CineCamera (B2E18506-4273-CFC2-A54E-F4BB758BBA07): 1
LogInit: Presizing for max 25165824 objects, including 0 objects not considered by GC, pre-allocating 0 bytes for permanent pool.
LogInit: Object subsystem initialized
LogConfig: Setting CVar [[con.DebugEarlyDefault:1]]
LogConfig: Setting CVar [[r.setres:1280x720]]
[2020.02.24-01.47.19:203][  0]LogConfig: Setting CVar [[r.VSync:0]]
[2020.02.24-01.47.19:203][  0]LogConfig: Setting CVar [[r.RHICmdBypass:0]]
[2020.02.24-01.47.19:203][  0]LogConfig: Applying CVar settings from Section [/Script/Engine.RendererSettings] File [C:/Users/Bob/Documents/GitHub/UnrealTopDownGame/Saved/Config/Windows/Engine.ini]
[2020.02.24-01.47.19:203][  0]LogConfig: Setting CVar [[r.GPUCrashDebugging:0]]
[2020.02.24-01.47.19:203][  0]LogConfig: Applying CVar settings from Section [/Script/Engine.RendererOverrideSettings] File [C:/Users/Bob/Documents/GitHub/UnrealTopDownGame/Saved/Config/Windows/Engine.ini]
[2020.02.24-01.47.19:203][  0]LogConfig: Applying CVar settings from Section [/Script/Engine.StreamingSettings] File [C:/Users/Bob/Documents/GitHub/UnrealTopDownGame/Saved/Config/Windows/Engine.ini]
[2020.02.24-01.47.19:203][  0]LogConfig: Setting CVar [[s.MinBulkDataSizeForAsyncLoading:131072]]
[2020.02.24-01.47.19:203][  0]LogConfig: Setting CVar [[s.AsyncLoadingThreadEnabled:0]]
[2020.02.24-01.47.19:203][  0]LogConfig: Setting CVar [[s.EventDrivenLoaderEnabled:1]]
[2020.02.24-01.47.19:203][  0]LogConfig: Setting CVar [[s.WarnIfTimeLimitExceeded:0]]
[2020.02.24-01.47.19:203][  0]LogConfig: Setting CVar [[s.TimeLimitExceededMultiplier:1.5]]
[2020.02.24-01.47.19:203][  0]LogConfig: Setting CVar [[s.TimeLimitExceededMinTime:0.005]]
[2020.02.24-01.47.19:203][  0]LogConfig: Setting CVar [[s.UseBackgroundLevelStreaming:1]]
[2020.02.24-01.47.19:203][  0]LogConfig: Setting CVar [[s.PriorityAsyncLoadingExtraTime:15.0]]
[2020.02.24-01.47.19:203][  0]LogConfig: Setting CVar [[s.LevelStreamingActorsUpdateTimeLimit:5.0]]
[2020.02.24-01.47.19:203][  0]LogConfig: Setting CVar [[s.PriorityLevelStreamingActorsUpdateExtraTime:5.0]]
[2020.02.24-01.47.19:203][  0]LogConfig: Setting CVar [[s.LevelStreamingComponentsRegistrationGranularity:10]]
[2020.02.24-01.47.19:204][  0]LogConfig: Setting CVar [[s.UnregisterComponentsTimeLimit:1.0]]
[2020.02.24-01.47.19:204][  0]LogConfig: Setting CVar [[s.LevelStreamingComponentsUnregistrationGranularity:5]]
[2020.02.24-01.47.19:204][  0]LogConfig: Setting CVar [[s.FlushStreamingOnExit:1]]
[2020.02.24-01.47.19:204][  0]LogConfig: Applying CVar settings from Section [/Script/Engine.GarbageCollectionSettings] File [C:/Users/Bob/Documents/GitHub/UnrealTopDownGame/Saved/Config/Windows/Engine.ini]
[2020.02.24-01.47.19:204][  0]LogConfig: Setting CVar [[gc.MaxObjectsNotConsideredByGC:1]]
[2020.02.24-01.47.19:204][  0]LogConfig: Setting CVar [[gc.SizeOfPermanentObjectPool:0]]
[2020.02.24-01.47.19:204][  0]LogConfig: Setting CVar [[gc.FlushStreamingOnGC:0]]
[2020.02.24-01.47.19:204][  0]LogConfig: Setting CVar [[gc.NumRetriesBeforeForcingGC:10]]
[2020.02.24-01.47.19:204][  0]LogConfig: Setting CVar [[gc.AllowParallelGC:1]]
[2020.02.24-01.47.19:204][  0]LogConfig: Setting CVar [[gc.TimeBetweenPurgingPendingKillObjects:61.1]]
[2020.02.24-01.47.19:204][  0]LogConfig: Setting CVar [[gc.MaxObjectsInEditor:25165824]]
[2020.02.24-01.47.19:204][  0]LogConfig: Setting CVar [[gc.IncrementalBeginDestroyEnabled:1]]
[2020.02.24-01.47.19:204][  0]LogConfig: Setting CVar [[gc.CreateGCClusters:1]]
[2020.02.24-01.47.19:204][  0]LogConfig: Setting CVar [[gc.MinGCClusterSize:5]]
[2020.02.24-01.47.19:204][  0]LogConfig: Setting CVar [[gc.ActorClusteringEnabled:0]]
[2020.02.24-01.47.19:204][  0]LogConfig: Setting CVar [[gc.BlueprintClusteringEnabled:0]]
[2020.02.24-01.47.19:204][  0]LogConfig: Setting CVar [[gc.UseDisregardForGCOnDedicatedServers:0]]
[2020.02.24-01.47.19:204][  0]LogConfig: Applying CVar settings from Section [/Script/Engine.NetworkSettings] File [C:/Users/Bob/Documents/GitHub/UnrealTopDownGame/Saved/Config/Windows/Engine.ini]
[2020.02.24-01.47.19:204][  0]LogConfig: Applying CVar settings from Section [/Script/UnrealEd.CookerSettings] File [C:/Users/Bob/Documents/GitHub/UnrealTopDownGame/Saved/Config/Windows/Engine.ini]
[2020.02.24-01.47.19:214][  0]LogConfig: Applying CVar settings from Section [ViewDistanceQuality@3] File [C:/Users/Bob/Documents/GitHub/UnrealTopDownGame/Saved/Config/Windows/Scalability.ini]
[2020.02.24-01.47.19:214][  0]LogConfig: Setting CVar [[r.SkeletalMeshLODBias:0]]
[2020.02.24-01.47.19:214][  0]LogConfig: Setting CVar [[r.ViewDistanceScale:1.0]]
[2020.02.24-01.47.19:214][  0]LogConfig: Applying CVar settings from Section [AntiAliasingQuality@3] File [C:/Users/Bob/Documents/GitHub/UnrealTopDownGame/Saved/Config/Windows/Scalability.ini]
[2020.02.24-01.47.19:214][  0]LogConfig: Setting CVar [[r.PostProcessAAQuality:4]]
[2020.02.24-01.47.19:214][  0]LogConfig: Applying CVar settings from Section [ShadowQuality@3] File [C:/Users/Bob/Documents/GitHub/UnrealTopDownGame/Saved/Config/Windows/Scalability.ini]
[2020.02.24-01.47.19:214][  0]LogConfig: Setting CVar [[r.LightFunctionQuality:1]]
[2020.02.24-01.47.19:214][  0]LogConfig: Setting CVar [[r.ShadowQuality:5]]
[2020.02.24-01.47.19:214][  0]LogConfig: Setting CVar [[r.Shadow.CSM.MaxCascades:10]]
[2020.02.24-01.47.19:214][  0]LogConfig: Setting CVar [[r.Shadow.MaxResolution:2048]]
[2020.02.24-01.47.19:214][  0]LogConfig: Setting CVar [[r.Shadow.MaxCSMResolution:2048]]
[2020.02.24-01.47.19:214][  0]LogConfig: Setting CVar [[r.Shadow.RadiusThreshold:0.01]]
[2020.02.24-01.47.19:214][  0]LogConfig: Setting CVar [[r.Shadow.DistanceScale:1.0]]
[2020.02.24-01.47.19:214][  0]LogConfig: Setting CVar [[r.Shadow.CSM.TransitionScale:1.0]]
[2020.02.24-01.47.19:214][  0]LogConfig: Setting CVar [[r.Shadow.PreShadowResolutionFactor:1.0]]
[2020.02.24-01.47.19:214][  0]LogConfig: Setting CVar [[r.DistanceFieldShadowing:1]]
[2020.02.24-01.47.19:214][  0]LogConfig: Setting CVar [[r.DistanceFieldAO:1]]
[2020.02.24-01.47.19:214][  0]LogConfig: Setting CVar [[r.AOQuality:2]]
[2020.02.24-01.47.19:214][  0]LogConfig: Setting CVar [[r.VolumetricFog:1]]
[2020.02.24-01.47.19:214][  0]LogConfig: Setting CVar [[r.VolumetricFog.GridPixelSize:8]]
[2020.02.24-01.47.19:214][  0]LogConfig: Setting CVar [[r.VolumetricFog.GridSizeZ:128]]
[2020.02.24-01.47.19:214][  0]LogConfig: Setting CVar [[r.VolumetricFog.HistoryMissSupersampleCount:4]]
[2020.02.24-01.47.19:214][  0]LogConfig: Setting CVar [[r.LightMaxDrawDistanceScale:1]]
[2020.02.24-01.47.19:214][  0]LogConfig: Setting CVar [[r.CapsuleShadows:1]]
[2020.02.24-01.47.19:214][  0]LogConfig: Applying CVar settings from Section [PostProcessQuality@3] File [C:/Users/Bob/Documents/GitHub/UnrealTopDownGame/Saved/Config/Windows/Scalability.ini]
[2020.02.24-01.47.19:214][  0]LogConfig: Setting CVar [[r.MotionBlurQuality:4]]
[2020.02.24-01.47.19:214][  0]LogConfig: Setting CVar [[r.AmbientOcclusionMipLevelFactor:0.4]]
[2020.02.24-01.47.19:214][  0]LogConfig: Setting CVar [[r.AmbientOcclusionMaxQuality:100]]
[2020.02.24-01.47.19:214][  0]LogConfig: Setting CVar [[r.AmbientOcclusionLevels:-1]]
[2020.02.24-01.47.19:214][  0]LogConfig: Setting CVar [[r.AmbientOcclusionRadiusScale:1.0]]
[2020.02.24-01.47.19:214][  0]LogConfig: Setting CVar [[r.DepthOfFieldQuality:2]]
[2020.02.24-01.47.19:214][  0]LogConfig: Setting CVar [[r.RenderTargetPoolMin:400]]
[2020.02.24-01.47.19:214][  0]LogConfig: Setting CVar [[r.LensFlareQuality:2]]
[2020.02.24-01.47.19:214][  0]LogConfig: Setting CVar [[r.SceneColorFringeQuality:1]]
[2020.02.24-01.47.19:214][  0]LogConfig: Setting CVar [[r.EyeAdaptationQuality:2]]
[2020.02.24-01.47.19:214][  0]LogConfig: Setting CVar [[r.BloomQuality:5]]
[2020.02.24-01.47.19:215][  0]LogConfig: Setting CVar [[r.FastBlurThreshold:100]]
[2020.02.24-01.47.19:215][  0]LogConfig: Setting CVar [[r.Upscale.Quality:3]]
[2020.02.24-01.47.19:215][  0]LogConfig: Setting CVar [[r.Tonemapper.GrainQuantization:1]]
[2020.02.24-01.47.19:215][  0]LogConfig: Setting CVar [[r.LightShaftQuality:1]]
[2020.02.24-01.47.19:215][  0]LogConfig: Setting CVar [[r.Filter.SizeScale:1]]
[2020.02.24-01.47.19:215][  0]LogConfig: Setting CVar [[r.Tonemapper.Quality:5]]
[2020.02.24-01.47.19:215][  0]LogConfig: Setting CVar [[r.DOF.Gather.AccumulatorQuality:1        ; higher gathering accumulator quality]]
[2020.02.24-01.47.19:215][  0]LogConfig: Setting CVar [[r.DOF.Gather.PostfilterMethod:1          ; Median3x3 postfilering method]]
[2020.02.24-01.47.19:215][  0]LogConfig: Setting CVar [[r.DOF.Gather.EnableBokehSettings:0       ; no bokeh simulation when gathering]]
[2020.02.24-01.47.19:215][  0]LogConfig: Setting CVar [[r.DOF.Gather.RingCount:4                 ; medium number of samples when gathering]]
[2020.02.24-01.47.19:215][  0]LogConfig: Setting CVar [[r.DOF.Scatter.ForegroundCompositing:1    ; additive foreground scattering]]
[2020.02.24-01.47.19:215][  0]LogConfig: Setting CVar [[r.DOF.Scatter.BackgroundCompositing:2    ; additive background scattering]]
[2020.02.24-01.47.19:215][  0]LogConfig: Setting CVar [[r.DOF.Scatter.EnableBokehSettings:1      ; bokeh simulation when scattering]]
[2020.02.24-01.47.19:215][  0]LogConfig: Setting CVar [[r.DOF.Scatter.MaxSpriteRatio:0.1         ; only a maximum of 10% of scattered bokeh]]
[2020.02.24-01.47.19:215][  0]LogConfig: Setting CVar [[r.DOF.Recombine.Quality:1                ; cheap slight out of focus]]
[2020.02.24-01.47.19:215][  0]LogConfig: Setting CVar [[r.DOF.Recombine.EnableBokehSettings:0    ; no bokeh simulation on slight out of focus]]
[2020.02.24-01.47.19:215][  0]LogConfig: Setting CVar [[r.DOF.TemporalAAQuality:1                ; more stable temporal accumulation]]
[2020.02.24-01.47.19:215][  0]LogConfig: Setting CVar [[r.DOF.Kernel.MaxForegroundRadius:0.025]]
[2020.02.24-01.47.19:215][  0]LogConfig: Setting CVar [[r.DOF.Kernel.MaxBackgroundRadius:0.025]]
[2020.02.24-01.47.19:215][  0]LogConfig: Applying CVar settings from Section [TextureQuality@3] File [C:/Users/Bob/Documents/GitHub/UnrealTopDownGame/Saved/Config/Windows/Scalability.ini]
[2020.02.24-01.47.19:215][  0]LogConfig: Setting CVar [[r.Streaming.MipBias:0]]
[2020.02.24-01.47.19:215][  0]LogConfig: Setting CVar [[r.Streaming.AmortizeCPUToGPUCopy:0]]
[2020.02.24-01.47.19:215][  0]LogConfig: Setting CVar [[r.Streaming.MaxNumTexturesToStreamPerFrame:0]]
[2020.02.24-01.47.19:215][  0]LogConfig: Setting CVar [[r.Streaming.Boost:1]]
[2020.02.24-01.47.19:215][  0]LogConfig: Setting CVar [[r.MaxAnisotropy:8]]
[2020.02.24-01.47.19:215][  0]LogConfig: Setting CVar [[r.VT.MaxAnisotropy:8]]
[2020.02.24-01.47.19:215][  0]LogConfig: Setting CVar [[r.Streaming.LimitPoolSizeToVRAM:0]]
[2020.02.24-01.47.19:215][  0]LogConfig: Setting CVar [[r.Streaming.PoolSize:1000]]
[2020.02.24-01.47.19:215][  0]LogConfig: Setting CVar [[r.Streaming.MaxEffectiveScreenSize:0]]
[2020.02.24-01.47.19:215][  0]LogConfig: Applying CVar settings from Section [EffectsQuality@3] File [C:/Users/Bob/Documents/GitHub/UnrealTopDownGame/Saved/Config/Windows/Scalability.ini]
[2020.02.24-01.47.19:215][  0]LogConfig: Setting CVar [[r.TranslucencyLightingVolumeDim:64]]
[2020.02.24-01.47.19:215][  0]LogConfig: Setting CVar [[r.RefractionQuality:2]]
[2020.02.24-01.47.19:215][  0]LogConfig: Setting CVar [[r.SSR.Quality:3]]
[2020.02.24-01.47.19:215][  0]LogConfig: Setting CVar [[r.SSR.HalfResSceneColor:0]]
[2020.02.24-01.47.19:215][  0]LogConfig: Setting CVar [[r.SceneColorFormat:4]]
[2020.02.24-01.47.19:215][  0]LogConfig: Setting CVar [[r.DetailMode:2]]
[2020.02.24-01.47.19:215][  0]LogConfig: Setting CVar [[r.TranslucencyVolumeBlur:1]]
[2020.02.24-01.47.19:215][  0]LogConfig: Setting CVar [[r.MaterialQualityLevel:1 ; High quality]]
[2020.02.24-01.47.19:215][  0]LogConfig: Setting CVar [[r.SSS.Scale:1]]
[2020.02.24-01.47.19:215][  0]LogConfig: Setting CVar [[r.SSS.SampleSet:2]]
[2020.02.24-01.47.19:215][  0]LogConfig: Setting CVar [[r.SSS.Quality:1]]
[2020.02.24-01.47.19:215][  0]LogConfig: Setting CVar [[r.SSS.HalfRes:1]]
[2020.02.24-01.47.19:215][  0]LogConfig: Setting CVar [[r.SSGI.Quality:3]]
[2020.02.24-01.47.19:215][  0]LogConfig: Setting CVar [[r.EmitterSpawnRateScale:1.0]]
[2020.02.24-01.47.19:215][  0]LogConfig: Setting CVar [[r.ParticleLightQuality:2]]
[2020.02.24-01.47.19:215][  0]LogConfig: Setting CVar [[r.SkyAtmosphere.AerialPerspectiveLUT.FastApplyOnOpaque:1 ; Always have FastSkyLUT 1 in this case to avoid wrong sky]]
[2020.02.24-01.47.19:215][  0]LogConfig: Setting CVar [[r.SkyAtmosphere.AerialPerspectiveLUT.SampleCountPerSlice:1]]
[2020.02.24-01.47.19:215][  0]LogConfig: Setting CVar [[r.SkyAtmosphere.AerialPerspectiveLUT.DepthResolution:16.0]]
[2020.02.24-01.47.19:215][  0]LogConfig: Setting CVar [[r.SkyAtmosphere.FastSkyLUT:1]]
[2020.02.24-01.47.19:215][  0]LogConfig: Setting CVar [[r.SkyAtmosphere.FastSkyLUT.SampleCountMin:4.0]]
[2020.02.24-01.47.19:215][  0]LogConfig: Setting CVar [[r.SkyAtmosphere.FastSkyLUT.SampleCountMax:32.0]]
[2020.02.24-01.47.19:215][  0]LogConfig: Setting CVar [[r.SkyAtmosphere.SampleCountMin:4.0]]
[2020.02.24-01.47.19:215][  0]LogConfig: Setting CVar [[r.SkyAtmosphere.SampleCountMax:32.0]]
[2020.02.24-01.47.19:215][  0]LogConfig: Setting CVar [[r.SkyAtmosphere.TransmittanceLUT.UseSmallFormat:0]]
[2020.02.24-01.47.19:216][  0]LogConfig: Setting CVar [[r.SkyAtmosphere.TransmittanceLUT.SampleCount:10.0]]
[2020.02.24-01.47.19:216][  0]LogConfig: Setting CVar [[r.SkyAtmosphere.MultiScatteringLUT.SampleCount:15.0]]
[2020.02.24-01.47.19:216][  0]LogConfig: Applying CVar settings from Section [FoliageQuality@3] File [C:/Users/Bob/Documents/GitHub/UnrealTopDownGame/Saved/Config/Windows/Scalability.ini]
[2020.02.24-01.47.19:216][  0]LogConfig: Setting CVar [[foliage.DensityScale:1.0]]
[2020.02.24-01.47.19:216][  0]LogConfig: Setting CVar [[grass.DensityScale:1.0]]
[2020.02.24-01.47.19:216][  0]LogConfig: Applying CVar settings from Section [ShadingQuality@3] File [C:/Users/Bob/Documents/GitHub/UnrealTopDownGame/Saved/Config/Windows/Scalability.ini]
[2020.02.24-01.47.19:216][  0]LogConfig: Setting CVar [[r.HairStrands.SkyLighting.SampleCount:16]]
[2020.02.24-01.47.19:216][  0]LogConfig: Setting CVar [[r.HairStrands.SkyLighting.JitterIntegration:0]]
[2020.02.24-01.47.19:216][  0]LogConfig: Setting CVar [[r.HairStrands.SkyAO.SampleCount:16]]
[2020.02.24-01.47.19:216][  0]LogInit: Selected Device Profile: [Windows]
[2020.02.24-01.47.19:216][  0]LogInit: Applying CVar settings loaded from the selected device profile: [Windows]
[2020.02.24-01.47.19:220][  0]LogHAL: Display: Platform has ~ 8 GB [8588025856 / 8589934592 / 8], which maps to Default [LargestMinGB=32, LargerMinGB=12, DefaultMinGB=8, SmallerMinGB=6, SmallestMinGB=0)
[2020.02.24-01.47.19:220][  0]LogInit: Going up to parent DeviceProfile []
[2020.02.24-01.47.19:220][  0]LogConfig: Applying CVar settings from Section [ViewDistanceQuality@3] File [C:/Users/Bob/Documents/GitHub/UnrealTopDownGame/Saved/Config/Windows/Scalability.ini]
[2020.02.24-01.47.19:220][  0]LogConfig: Setting CVar [[r.SkeletalMeshLODBias:0]]
[2020.02.24-01.47.19:220][  0]LogConfig: Setting CVar [[r.ViewDistanceScale:1.0]]
[2020.02.24-01.47.19:220][  0]LogConfig: Applying CVar settings from Section [AntiAliasingQuality@3] File [C:/Users/Bob/Documents/GitHub/UnrealTopDownGame/Saved/Config/Windows/Scalability.ini]
[2020.02.24-01.47.19:220][  0]LogConfig: Setting CVar [[r.PostProcessAAQuality:4]]
[2020.02.24-01.47.19:220][  0]LogConfig: Applying CVar settings from Section [ShadowQuality@3] File [C:/Users/Bob/Documents/GitHub/UnrealTopDownGame/Saved/Config/Windows/Scalability.ini]
[2020.02.24-01.47.19:220][  0]LogConfig: Setting CVar [[r.LightFunctionQuality:1]]
[2020.02.24-01.47.19:220][  0]LogConfig: Setting CVar [[r.ShadowQuality:5]]
[2020.02.24-01.47.19:220][  0]LogConfig: Setting CVar [[r.Shadow.CSM.MaxCascades:10]]
[2020.02.24-01.47.19:220][  0]LogConfig: Setting CVar [[r.Shadow.MaxResolution:2048]]
[2020.02.24-01.47.19:220][  0]LogConfig: Setting CVar [[r.Shadow.MaxCSMResolution:2048]]
[2020.02.24-01.47.19:220][  0]LogConfig: Setting CVar [[r.Shadow.RadiusThreshold:0.01]]
[2020.02.24-01.47.19:220][  0]LogConfig: Setting CVar [[r.Shadow.DistanceScale:1.0]]
[2020.02.24-01.47.19:220][  0]LogConfig: Setting CVar [[r.Shadow.CSM.TransitionScale:1.0]]
[2020.02.24-01.47.19:220][  0]LogConfig: Setting CVar [[r.Shadow.PreShadowResolutionFactor:1.0]]
[2020.02.24-01.47.19:220][  0]LogConfig: Setting CVar [[r.DistanceFieldShadowing:1]]
[2020.02.24-01.47.19:220][  0]LogConfig: Setting CVar [[r.DistanceFieldAO:1]]
[2020.02.24-01.47.19:220][  0]LogConfig: Setting CVar [[r.AOQuality:2]]
[2020.02.24-01.47.19:220][  0]LogConfig: Setting CVar [[r.VolumetricFog:1]]
[2020.02.24-01.47.19:220][  0]LogConfig: Setting CVar [[r.VolumetricFog.GridPixelSize:8]]
[2020.02.24-01.47.19:220][  0]LogConfig: Setting CVar [[r.VolumetricFog.GridSizeZ:128]]
[2020.02.24-01.47.19:220][  0]LogConfig: Setting CVar [[r.VolumetricFog.HistoryMissSupersampleCount:4]]
[2020.02.24-01.47.19:220][  0]LogConfig: Setting CVar [[r.LightMaxDrawDistanceScale:1]]
[2020.02.24-01.47.19:220][  0]LogConfig: Setting CVar [[r.CapsuleShadows:1]]
[2020.02.24-01.47.19:220][  0]LogConfig: Applying CVar settings from Section [PostProcessQuality@3] File [C:/Users/Bob/Documents/GitHub/UnrealTopDownGame/Saved/Config/Windows/Scalability.ini]
[2020.02.24-01.47.19:220][  0]LogConfig: Setting CVar [[r.MotionBlurQuality:4]]
[2020.02.24-01.47.19:220][  0]LogConfig: Setting CVar [[r.AmbientOcclusionMipLevelFactor:0.4]]
[2020.02.24-01.47.19:220][  0]LogConfig: Setting CVar [[r.AmbientOcclusionMaxQuality:100]]
[2020.02.24-01.47.19:220][  0]LogConfig: Setting CVar [[r.AmbientOcclusionLevels:-1]]
[2020.02.24-01.47.19:220][  0]LogConfig: Setting CVar [[r.AmbientOcclusionRadiusScale:1.0]]
[2020.02.24-01.47.19:220][  0]LogConfig: Setting CVar [[r.DepthOfFieldQuality:2]]
[2020.02.24-01.47.19:220][  0]LogConfig: Setting CVar [[r.RenderTargetPoolMin:400]]
[2020.02.24-01.47.19:220][  0]LogConfig: Setting CVar [[r.LensFlareQuality:2]]
[2020.02.24-01.47.19:220][  0]LogConfig: Setting CVar [[r.SceneColorFringeQuality:1]]
[2020.02.24-01.47.19:220][  0]LogConfig: Setting CVar [[r.EyeAdaptationQuality:2]]
[2020.02.24-01.47.19:220][  0]LogConfig: Setting CVar [[r.BloomQuality:5]]
[2020.02.24-01.47.19:221][  0]LogConfig: Setting CVar [[r.FastBlurThreshold:100]]
[2020.02.24-01.47.19:221][  0]LogConfig: Setting CVar [[r.Upscale.Quality:3]]
[2020.02.24-01.47.19:221][  0]LogConfig: Setting CVar [[r.Tonemapper.GrainQuantization:1]]
[2020.02.24-01.47.19:221][  0]LogConfig: Setting CVar [[r.LightShaftQuality:1]]
[2020.02.24-01.47.19:221][  0]LogConfig: Setting CVar [[r.Filter.SizeScale:1]]
[2020.02.24-01.47.19:221][  0]LogConfig: Setting CVar [[r.Tonemapper.Quality:5]]
[2020.02.24-01.47.19:221][  0]LogConfig: Setting CVar [[r.DOF.Gather.AccumulatorQuality:1        ; higher gathering accumulator quality]]
[2020.02.24-01.47.19:221][  0]LogConfig: Setting CVar [[r.DOF.Gather.PostfilterMethod:1          ; Median3x3 postfilering method]]
[2020.02.24-01.47.19:221][  0]LogConfig: Setting CVar [[r.DOF.Gather.EnableBokehSettings:0       ; no bokeh simulation when gathering]]
[2020.02.24-01.47.19:221][  0]LogConfig: Setting CVar [[r.DOF.Gather.RingCount:4                 ; medium number of samples when gathering]]
[2020.02.24-01.47.19:221][  0]LogConfig: Setting CVar [[r.DOF.Scatter.ForegroundCompositing:1    ; additive foreground scattering]]
[2020.02.24-01.47.19:221][  0]LogConfig: Setting CVar [[r.DOF.Scatter.BackgroundCompositing:2    ; additive background scattering]]
[2020.02.24-01.47.19:221][  0]LogConfig: Setting CVar [[r.DOF.Scatter.EnableBokehSettings:1      ; bokeh simulation when scattering]]
[2020.02.24-01.47.19:221][  0]LogConfig: Setting CVar [[r.DOF.Scatter.MaxSpriteRatio:0.1         ; only a maximum of 10% of scattered bokeh]]
[2020.02.24-01.47.19:221][  0]LogConfig: Setting CVar [[r.DOF.Recombine.Quality:1                ; cheap slight out of focus]]
[2020.02.24-01.47.19:221][  0]LogConfig: Setting CVar [[r.DOF.Recombine.EnableBokehSettings:0    ; no bokeh simulation on slight out of focus]]
[2020.02.24-01.47.19:221][  0]LogConfig: Setting CVar [[r.DOF.TemporalAAQuality:1                ; more stable temporal accumulation]]
[2020.02.24-01.47.19:221][  0]LogConfig: Setting CVar [[r.DOF.Kernel.MaxForegroundRadius:0.025]]
[2020.02.24-01.47.19:221][  0]LogConfig: Setting CVar [[r.DOF.Kernel.MaxBackgroundRadius:0.025]]
[2020.02.24-01.47.19:221][  0]LogConfig: Applying CVar settings from Section [TextureQuality@3] File [C:/Users/Bob/Documents/GitHub/UnrealTopDownGame/Saved/Config/Windows/Scalability.ini]
[2020.02.24-01.47.19:221][  0]LogConfig: Setting CVar [[r.Streaming.MipBias:0]]
[2020.02.24-01.47.19:221][  0]LogConfig: Setting CVar [[r.Streaming.AmortizeCPUToGPUCopy:0]]
[2020.02.24-01.47.19:221][  0]LogConfig: Setting CVar [[r.Streaming.MaxNumTexturesToStreamPerFrame:0]]
[2020.02.24-01.47.19:221][  0]LogConfig: Setting CVar [[r.Streaming.Boost:1]]
[2020.02.24-01.47.19:221][  0]LogConfig: Setting CVar [[r.MaxAnisotropy:8]]
[2020.02.24-01.47.19:221][  0]LogConfig: Setting CVar [[r.VT.MaxAnisotropy:8]]
[2020.02.24-01.47.19:221][  0]LogConfig: Setting CVar [[r.Streaming.LimitPoolSizeToVRAM:0]]
[2020.02.24-01.47.19:221][  0]LogConfig: Setting CVar [[r.Streaming.PoolSize:1000]]
[2020.02.24-01.47.19:221][  0]LogConfig: Setting CVar [[r.Streaming.MaxEffectiveScreenSize:0]]
[2020.02.24-01.47.19:221][  0]LogConfig: Applying CVar settings from Section [EffectsQuality@3] File [C:/Users/Bob/Documents/GitHub/UnrealTopDownGame/Saved/Config/Windows/Scalability.ini]
[2020.02.24-01.47.19:221][  0]LogConfig: Setting CVar [[r.TranslucencyLightingVolumeDim:64]]
[2020.02.24-01.47.19:221][  0]LogConfig: Setting CVar [[r.RefractionQuality:2]]
[2020.02.24-01.47.19:221][  0]LogConfig: Setting CVar [[r.SSR.Quality:3]]
[2020.02.24-01.47.19:221][  0]LogConfig: Setting CVar [[r.SSR.HalfResSceneColor:0]]
[2020.02.24-01.47.19:221][  0]LogConfig: Setting CVar [[r.SceneColorFormat:4]]
[2020.02.24-01.47.19:221][  0]LogConfig: Setting CVar [[r.DetailMode:2]]
[2020.02.24-01.47.19:221][  0]LogConfig: Setting CVar [[r.TranslucencyVolumeBlur:1]]
[2020.02.24-01.47.19:221][  0]LogConfig: Setting CVar [[r.MaterialQualityLevel:1 ; High quality]]
[2020.02.24-01.47.19:221][  0]LogConfig: Setting CVar [[r.SSS.Scale:1]]
[2020.02.24-01.47.19:221][  0]LogConfig: Setting CVar [[r.SSS.SampleSet:2]]
[2020.02.24-01.47.19:221][  0]LogConfig: Setting CVar [[r.SSS.Quality:1]]
[2020.02.24-01.47.19:221][  0]LogConfig: Setting CVar [[r.SSS.HalfRes:1]]
[2020.02.24-01.47.19:221][  0]LogConfig: Setting CVar [[r.SSGI.Quality:3]]
[2020.02.24-01.47.19:221][  0]LogConfig: Setting CVar [[r.EmitterSpawnRateScale:1.0]]
[2020.02.24-01.47.19:221][  0]LogConfig: Setting CVar [[r.ParticleLightQuality:2]]
[2020.02.24-01.47.19:221][  0]LogConfig: Setting CVar [[r.SkyAtmosphere.AerialPerspectiveLUT.FastApplyOnOpaque:1 ; Always have FastSkyLUT 1 in this case to avoid wrong sky]]
[2020.02.24-01.47.19:221][  0]LogConfig: Setting CVar [[r.SkyAtmosphere.AerialPerspectiveLUT.SampleCountPerSlice:1]]
[2020.02.24-01.47.19:221][  0]LogConfig: Setting CVar [[r.SkyAtmosphere.AerialPerspectiveLUT.DepthResolution:16.0]]
[2020.02.24-01.47.19:221][  0]LogConfig: Setting CVar [[r.SkyAtmosphere.FastSkyLUT:1]]
[2020.02.24-01.47.19:221][  0]LogConfig: Setting CVar [[r.SkyAtmosphere.FastSkyLUT.SampleCountMin:4.0]]
[2020.02.24-01.47.19:221][  0]LogConfig: Setting CVar [[r.SkyAtmosphere.FastSkyLUT.SampleCountMax:32.0]]
[2020.02.24-01.47.19:221][  0]LogConfig: Setting CVar [[r.SkyAtmosphere.SampleCountMin:4.0]]
[2020.02.24-01.47.19:221][  0]LogConfig: Setting CVar [[r.SkyAtmosphere.SampleCountMax:32.0]]
[2020.02.24-01.47.19:221][  0]LogConfig: Setting CVar [[r.SkyAtmosphere.TransmittanceLUT.UseSmallFormat:0]]
[2020.02.24-01.47.19:221][  0]LogConfig: Setting CVar [[r.SkyAtmosphere.TransmittanceLUT.SampleCount:10.0]]
[2020.02.24-01.47.19:222][  0]LogConfig: Setting CVar [[r.SkyAtmosphere.MultiScatteringLUT.SampleCount:15.0]]
[2020.02.24-01.47.19:222][  0]LogConfig: Applying CVar settings from Section [FoliageQuality@3] File [C:/Users/Bob/Documents/GitHub/UnrealTopDownGame/Saved/Config/Windows/Scalability.ini]
[2020.02.24-01.47.19:222][  0]LogConfig: Setting CVar [[foliage.DensityScale:1.0]]
[2020.02.24-01.47.19:222][  0]LogConfig: Setting CVar [[grass.DensityScale:1.0]]
[2020.02.24-01.47.19:222][  0]LogConfig: Applying CVar settings from Section [ShadingQuality@3] File [C:/Users/Bob/Documents/GitHub/UnrealTopDownGame/Saved/Config/Windows/Scalability.ini]
[2020.02.24-01.47.19:222][  0]LogConfig: Setting CVar [[r.HairStrands.SkyLighting.SampleCount:16]]
[2020.02.24-01.47.19:222][  0]LogConfig: Setting CVar [[r.HairStrands.SkyLighting.JitterIntegration:0]]
[2020.02.24-01.47.19:222][  0]LogConfig: Setting CVar [[r.HairStrands.SkyAO.SampleCount:16]]
[2020.02.24-01.47.19:222][  0]LogConfig: Applying CVar settings from Section [Startup] File [../../../Engine/Config/ConsoleVariables.ini]
[2020.02.24-01.47.19:222][  0]LogConfig: Setting CVar [[net.UseAdaptiveNetUpdateFrequency:0]]
[2020.02.24-01.47.19:222][  0]LogConfig: Setting CVar [[p.chaos.AllowCreatePhysxBodies:1]]
[2020.02.24-01.47.19:222][  0]LogConfig: Applying CVar settings from Section [ConsoleVariables] File [C:/Users/Bob/Documents/GitHub/UnrealTopDownGame/Saved/Config/Windows/Engine.ini]
[2020.02.24-01.47.19:222][  0]LogInit: Computer: BOB-PC
[2020.02.24-01.47.19:222][  0]LogInit: User: Bob
[2020.02.24-01.47.19:222][  0]LogInit: CPU Page size=4096, Cores=6
[2020.02.24-01.47.19:222][  0]LogInit: High frequency timer resolution =3.135371 MHz
[2020.02.24-01.47.19:223][  0]LogMemory: Memory total: Physical=8.0GB (8GB approx)
[2020.02.24-01.47.19:223][  0]LogMemory: Platform Memory Stats for Windows
[2020.02.24-01.47.19:223][  0]LogMemory: Process Physical Memory: 105.83 MB used, 105.83 MB peak
[2020.02.24-01.47.19:223][  0]LogMemory: Process Virtual Memory: 104.11 MB used, 104.11 MB peak
[2020.02.24-01.47.19:223][  0]LogMemory: Physical Memory: 5235.92 MB used,  2954.26 MB free, 8190.18 MB total
[2020.02.24-01.47.19:223][  0]LogMemory: Virtual Memory: 1029.35 MB used,  8387578.50 MB free, 8388608.00 MB total
[2020.02.24-01.47.19:239][  0]LogWindows: WindowsPlatformFeatures enabled
[2020.02.24-01.47.19:259][  0]LogInit: Using OS detected language (en-US).
[2020.02.24-01.47.19:259][  0]LogInit: Using OS detected locale (en-US).
[2020.02.24-01.47.19:261][  0]LogTextLocalizationManager: No specific localization for 'en-US' exists, so the 'en' localization will be used.
[2020.02.24-01.47.19:510][  0]LogWindows: Failed to load 'shcore.dll' (GetLastError=126)
[2020.02.24-01.47.19:510][  0]LogWindows: File 'shcore.dll' does not exist
[2020.02.24-01.47.19:510][  0]LogInit: Setting process to DPI aware
[2020.02.24-01.47.19:567][  0]LogSlate: New Slate User Created.  User Index 0, Is Virtual User: 0
[2020.02.24-01.47.19:567][  0]LogSlate: Slate User Registered.  User Index 0, Is Virtual User: 0
[2020.02.24-01.47.19:790][  0]LogHMD: Failed to initialize OpenVR with code 110
[2020.02.24-01.47.19:790][  0]LogD3D11RHI: D3D11 min allowed feature level: 11_0
[2020.02.24-01.47.19:790][  0]LogD3D11RHI: D3D11 max allowed feature level: 11_0
[2020.02.24-01.47.19:790][  0]LogD3D11RHI: D3D11 adapters:
[2020.02.24-01.47.19:822][  0]LogD3D11RHI:    0. 'AMD Radeon R7 200 Series' (Feature Level 11_0)
[2020.02.24-01.47.19:822][  0]LogD3D11RHI:       2023/0/3839 MB DedicatedVideo/DedicatedSystem/SharedSystem, Outputs:2, VendorId:0x1002
[2020.02.24-01.47.19:822][  0]LogD3D11RHI: Chosen D3D11 Adapter: 0
[2020.02.24-01.47.19:832][  0]LogD3D11RHI: Creating new Direct3DDevice
[2020.02.24-01.47.19:832][  0]LogD3D11RHI:     GPU DeviceId: 0x6658 (for the marketing name, search the web for "GPU Device Id")
[2020.02.24-01.47.19:832][  0]LogWindows: EnumDisplayDevices:
[2020.02.24-01.47.19:833][  0]LogWindows:    0. 'AMD Radeon R7 200 Series' (P:1 D:1)
[2020.02.24-01.47.19:833][  0]LogWindows:    1. 'AMD Radeon R7 200 Series' (P:0 D:1)
[2020.02.24-01.47.19:834][  0]LogWindows:    2. 'AMD Radeon R7 200 Series' (P:0 D:0)
[2020.02.24-01.47.19:835][  0]LogWindows:    3. 'AMD Radeon R7 200 Series' (P:0 D:0)
[2020.02.24-01.47.19:836][  0]LogWindows:    4. 'AMD Radeon R7 200 Series' (P:0 D:0)
[2020.02.24-01.47.19:836][  0]LogWindows:    5. 'AMD Radeon R7 200 Series' (P:0 D:0)
[2020.02.24-01.47.19:837][  0]LogWindows:    6. 'AMD Radeon R7 200 Series' (P:0 D:0)
[2020.02.24-01.47.19:838][  0]LogWindows:    7. 'AMD Radeon R7 200 Series' (P:0 D:0)
[2020.02.24-01.47.19:838][  0]LogWindows:    8. 'RDPDD Chained DD' (P:0 D:0)
[2020.02.24-01.47.19:838][  0]LogWindows:    9. 'RDP Encoder Mirror Driver' (P:0 D:0)
[2020.02.24-01.47.19:839][  0]LogWindows:    10. 'RDP Reflector Display Driver' (P:0 D:0)
[2020.02.24-01.47.19:839][  0]LogWindows: DebugString: GetVideoDriverDetailsInvalid PrimaryIsNotTheChoosenAdapter GetVideoDriverDetailsInvalid PrimaryIsNotTheChoosenAdapter GetVideoDriverDetailsInvalid PrimaryIsNotTheChoosenAdapter FoundDriverCount:8 
[2020.02.24-01.47.19:839][  0]LogD3D11RHI:     Adapter Name: AMD Radeon R7 200 Series
[2020.02.24-01.47.19:839][  0]LogD3D11RHI:   Driver Version: Adrenalin 2020 19.12.3 (internal:26.20.15003.5016, unified:26.20.15003.5016)
[2020.02.24-01.47.19:839][  0]LogD3D11RHI:      Driver Date: 12-16-2019
[2020.02.24-01.47.19:839][  0]LogRHI: Texture pool is 1416 MB (70% of 2023 MB)
[2020.02.24-01.47.19:926][  0]LogD3D11RHI: RHI does not have support for 64 bit atomics
[2020.02.24-01.47.19:926][  0]LogD3D11RHI: Async texture creation enabled
[2020.02.24-01.47.19:939][  0]LogD3D11RHI: GPU Timing Frequency: 27.000000 (Debug: 2 1)
[2020.02.24-01.47.20:306][  0]LogTargetPlatformManager: Display: Loaded TargetPlatform 'AllDesktop'
[2020.02.24-01.47.20:353][  0]LogTargetPlatformManager: Display: Loaded TargetPlatform 'Android'
[2020.02.24-01.47.20:353][  0]LogTargetPlatformManager: Display: Loaded TargetPlatform 'Android_ASTC'
[2020.02.24-01.47.20:353][  0]LogTargetPlatformManager: Display: Loaded TargetPlatform 'Android_ATC'
[2020.02.24-01.47.20:353][  0]LogTargetPlatformManager: Display: Loaded TargetPlatform 'Android_DXT'
[2020.02.24-01.47.20:353][  0]LogTargetPlatformManager: Display: Loaded TargetPlatform 'Android_ETC1'
[2020.02.24-01.47.20:353][  0]LogTargetPlatformManager: Display: Loaded TargetPlatform 'Android_ETC1a'
[2020.02.24-01.47.20:353][  0]LogTargetPlatformManager: Display: Loaded TargetPlatform 'Android_ETC2'
[2020.02.24-01.47.20:353][  0]LogTargetPlatformManager: Display: Loaded TargetPlatform 'Android_PVRTC'
[2020.02.24-01.47.20:353][  0]LogTargetPlatformManager: Display: Loaded TargetPlatform 'AndroidClient'
[2020.02.24-01.47.20:353][  0]LogTargetPlatformManager: Display: Loaded TargetPlatform 'Android_ASTCClient'
[2020.02.24-01.47.20:353][  0]LogTargetPlatformManager: Display: Loaded TargetPlatform 'Android_ATCClient'
[2020.02.24-01.47.20:353][  0]LogTargetPlatformManager: Display: Loaded TargetPlatform 'Android_DXTClient'
[2020.02.24-01.47.20:353][  0]LogTargetPlatformManager: Display: Loaded TargetPlatform 'Android_ETC1Client'
[2020.02.24-01.47.20:353][  0]LogTargetPlatformManager: Display: Loaded TargetPlatform 'Android_ETC1aClient'
[2020.02.24-01.47.20:353][  0]LogTargetPlatformManager: Display: Loaded TargetPlatform 'Android_ETC2Client'
[2020.02.24-01.47.20:353][  0]LogTargetPlatformManager: Display: Loaded TargetPlatform 'Android_PVRTCClient'
[2020.02.24-01.47.20:353][  0]LogTargetPlatformManager: Display: Loaded TargetPlatform 'Android_Multi'
[2020.02.24-01.47.20:353][  0]LogTargetPlatformManager: Display: Loaded TargetPlatform 'Android_MultiClient'
[2020.02.24-01.47.20:380][  0]LogTargetPlatformManager: Display: Loaded TargetPlatform 'IOSClient'
[2020.02.24-01.47.20:380][  0]LogTargetPlatformManager: Display: Loaded TargetPlatform 'IOS'
[2020.02.24-01.47.20:390][  0]LogTargetPlatformManager: Display: Loaded TargetPlatform 'LinuxNoEditor'
[2020.02.24-01.47.20:401][  0]LogTargetPlatformManager: Display: Loaded TargetPlatform 'LinuxClient'
[2020.02.24-01.47.20:412][  0]LogTargetPlatformManager: Display: Loaded TargetPlatform 'LinuxServer'
[2020.02.24-01.47.20:423][  0]LogTargetPlatformManager: Display: Loaded TargetPlatform 'LinuxAArch64NoEditor'
[2020.02.24-01.47.20:434][  0]LogTargetPlatformManager: Display: Loaded TargetPlatform 'LinuxAArch64Client'
[2020.02.24-01.47.20:445][  0]LogTargetPlatformManager: Display: Loaded TargetPlatform 'LinuxAArch64Server'
[2020.02.24-01.47.20:484][  0]LogTargetPlatformManager: Display: Loaded TargetPlatform 'Lumin'
[2020.02.24-01.47.20:484][  0]LogTargetPlatformManager: Display: Loaded TargetPlatform 'LuminClient'
[2020.02.24-01.47.20:504][  0]LogTargetPlatformManager: Display: Loaded TargetPlatform 'TVOSClient'
[2020.02.24-01.47.20:504][  0]LogTargetPlatformManager: Display: Loaded TargetPlatform 'TVOS'
[2020.02.24-01.47.20:516][  0]LogTargetPlatformManager: Display: Loaded TargetPlatform 'WindowsNoEditor'
[2020.02.24-01.47.20:527][  0]LogTargetPlatformManager: Display: Loaded TargetPlatform 'Windows'
[2020.02.24-01.47.20:537][  0]LogTargetPlatformManager: Display: Loaded TargetPlatform 'WindowsClient'
[2020.02.24-01.47.20:548][  0]LogTargetPlatformManager: Display: Loaded TargetPlatform 'WindowsServer'
[2020.02.24-01.47.20:548][  0]LogTargetPlatformManager: Display: Building Assets For Windows
[2020.02.24-01.47.20:551][  0]LogAudioDebug: Display: Lib vorbis DLL was dynamically loaded.
[2020.02.24-01.47.20:578][  0]LogShaderCompilers: Guid format shader working directory is -19 characters bigger than the processId version (../../../../../../Users/Bob/Documents/GitHub/UnrealTopDownGame/Intermediate/Shaders/WorkingDirectory/10084/).
[2020.02.24-01.47.20:578][  0]LogShaderCompilers: Cleaned the shader compiler working directory 'C:/Users/Bob/AppData/Local/Temp/UnrealShaderWorkingDir/833C9367495B363668DB80A72D0B0243/'.
[2020.02.24-01.47.20:579][  0]LogXGEController: Cannot use XGE Controller as Incredibuild is not installed on this machine.
[2020.02.24-01.47.20:579][  0]LogShaderCompilers: Cannot use XGE Shader Compiler as Incredibuild is not installed on this machine.
[2020.02.24-01.47.20:579][  0]LogShaderCompilers: Display: Using Local Shader Compiler.
[2020.02.24-01.47.22:467][  0]LogDerivedDataCache: Display: Max Cache Size: 512 MB
[2020.02.24-01.47.22:578][  0]LogDerivedDataCache: Loaded boot cache 0.11s 78MB C:/Users/Bob/AppData/Local/UnrealEngine/4.24/DerivedDataCache/Boot.ddc.
[2020.02.24-01.47.22:578][  0]LogDerivedDataCache: Display: Loaded Boot cache: C:/Users/Bob/AppData/Local/UnrealEngine/4.24/DerivedDataCache/Boot.ddc
[2020.02.24-01.47.22:578][  0]LogDerivedDataCache: FDerivedDataBackendGraph:  Pak pak cache file ../../../../../../Users/Bob/Documents/GitHub/UnrealTopDownGame/DerivedDataCache/DDC.ddp not found, will not use a pak cache.
[2020.02.24-01.47.22:578][  0]LogDerivedDataCache: Unable to find inner node Pak for hierarchical cache Hierarchy.
[2020.02.24-01.47.22:578][  0]LogDerivedDataCache: FDerivedDataBackendGraph:  CompressedPak pak cache file ../../../../../../Users/Bob/Documents/GitHub/UnrealTopDownGame/DerivedDataCache/Compressed.ddp not found, will not use a pak cache.
[2020.02.24-01.47.22:578][  0]LogDerivedDataCache: Unable to find inner node CompressedPak for hierarchical cache Hierarchy.
[2020.02.24-01.47.22:592][  0]LogDerivedDataCache: Display: Pak cache opened for reading ../../../Engine/DerivedDataCache/Compressed.ddp.
[2020.02.24-01.47.22:592][  0]LogDerivedDataCache: FDerivedDataBackendGraph:  EnterprisePak pak cache file ../../../Enterprise/DerivedDataCache/Compressed.ddp not found, will not use a pak cache.
[2020.02.24-01.47.22:592][  0]LogDerivedDataCache: Unable to find inner node EnterprisePak for hierarchical cache Hierarchy.
[2020.02.24-01.47.22:593][  0]LogDerivedDataCache: Using Local data cache path C:/Users/Bob/AppData/Local/UnrealEngine/Common/DerivedDataCache: Writable
[2020.02.24-01.47.22:593][  0]LogDerivedDataCache: Shared data cache path not found in *engine.ini, will not use an Shared cache.
[2020.02.24-01.47.22:593][  0]LogDerivedDataCache: Unable to find inner node Shared for hierarchical cache Hierarchy.
[2020.02.24-01.47.22:636][  0]LogMaterial: Verifying Global Shaders for PCD3D_SM5
[2020.02.24-01.47.22:639][  0]LogSlate: Using FreeType 2.10.0
[2020.02.24-01.47.22:640][  0]LogSlate: SlateFontServices - WITH_FREETYPE: 1, WITH_HARFBUZZ: 1
[2020.02.24-01.47.22:715][  0]LogAssetRegistry: FAssetRegistry took 0.0040 seconds to start up
[2020.02.24-01.47.23:185][  0]LogInit: Selected Device Profile: [Windows]
[2020.02.24-01.47.23:442][  0]LogMeshReduction: Using QuadricMeshReduction for automatic static mesh reduction
[2020.02.24-01.47.23:442][  0]LogMeshReduction: Using SimplygonMeshReduction for automatic skeletal mesh reduction
[2020.02.24-01.47.23:442][  0]LogMeshReduction: Using ProxyLODMeshReduction for automatic mesh merging
[2020.02.24-01.47.23:442][  0]LogMeshReduction: No distributed automatic mesh merging module available
[2020.02.24-01.47.23:442][  0]LogMeshMerging: No distributed automatic mesh merging module available
[2020.02.24-01.47.23:466][  0]LogNetVersion: UnrealTopDownGame 1.0.0, NetCL: 10570792, EngineNetVer: 13, GameNetVer: 0 (Checksum: 1028339912)
[2020.02.24-01.47.25:069][  0]LogPackageLocalizationCache: Processed 10 localized package path(s) for 1 prioritized culture(s) in 0.064852 seconds
[2020.02.24-01.47.25:084][  0]LogUObjectArray: 46750 objects as part of root set at end of initial load.
[2020.02.24-01.47.25:084][  0]LogUObjectAllocator: 8137160 out of 0 bytes used by permanent object pool.
[2020.02.24-01.47.25:084][  0]LogUObjectArray: CloseDisregardForGC: 0/0 objects in disregard for GC pool
[2020.02.24-01.47.25:790][  0]LogTcpMessaging: Initializing TcpMessaging bridge
[2020.02.24-01.47.25:795][  0]LogUdpMessaging: Initializing bridge on interface 0.0.0.0:0 to multicast group 230.0.0.1:6666.
[2020.02.24-01.47.25:888][  0]SourceControl: Source control is disabled
[2020.02.24-01.47.25:888][  0]SourceControl: Source control is disabled
[2020.02.24-01.47.25:890][  0]SourceControl: Source control is disabled
[2020.02.24-01.47.25:891][  0]SourceControl: Source control is disabled
[2020.02.24-01.47.25:892][  0]SourceControl: Source control is disabled
[2020.02.24-01.47.25:907][  0]LogVSAccessor: Display: Unable to create Visual Studio setup instance: 80040154
[2020.02.24-01.47.25:907][  0]LogVSAccessor: Display: Unable to create Visual Studio setup instance: 80040154
[2020.02.24-01.47.26:037][  0]LogAndroidPermission: UAndroidPermissionCallbackProxy::GetInstance
[2020.02.24-01.47.26:058][  0]LogAudioCaptureCore: Display: No Audio Capture implementations found. Audio input will be silent.
[2020.02.24-01.47.26:059][  0]LogAudioCaptureCore: Display: No Audio Capture implementations found. Audio input will be silent.
[2020.02.24-01.47.26:215][  0]LogOcInput: OculusInput pre-init called
[2020.02.24-01.47.26:226][  0]LogWindows: Failed to load 'OVRPlugin.dll' (GetLastError=126)
[2020.02.24-01.47.26:226][  0]LogWindows: File 'OVRPlugin.dll' does not exist
[2020.02.24-01.47.26:341][  0]LogEngine: Initializing Engine...
[2020.02.24-01.47.26:343][  0]LogHMD: Failed to initialize OpenVR with code 110
[2020.02.24-01.47.26:344][  0]LogStats: UGameplayTagsManager::InitializeManager -  0.000 s
[2020.02.24-01.47.26:942][  0]LogInit: Initializing FReadOnlyCVARCache
[2020.02.24-01.47.26:957][  0]LogAIModule: Creating AISystem for world Untitled
[2020.02.24-01.47.26:975][  0]LogAudioMixer: Display: Audio Mixer Platform Settings:
[2020.02.24-01.47.26:975][  0]LogAudioMixer: Display: 	Sample Rate:						  48000
[2020.02.24-01.47.26:975][  0]LogAudioMixer: Display: 	Callback Buffer Frame Size Requested: 1024
[2020.02.24-01.47.26:975][  0]LogAudioMixer: Display: 	Callback Buffer Frame Size To Use:	  1024
[2020.02.24-01.47.26:975][  0]LogAudioMixer: Display: 	Number of buffers to queue:			  2
[2020.02.24-01.47.26:975][  0]LogAudioMixer: Display: 	Max Channels (voices):				  32
[2020.02.24-01.47.26:975][  0]LogAudioMixer: Display: 	Number of Async Source Workers:		  0
[2020.02.24-01.47.26:975][  0]LogAudio: Display: AudioDevice MaxSources: 32
[2020.02.24-01.47.26:976][  0]LogAudio: Display: Using built-in audio occlusion.
[2020.02.24-01.47.26:976][  0]LogAudioMixer: Display: Initializing audio mixer.
[2020.02.24-01.47.27:009][  0]LogAudioMixer: Display: Audio Device Output Speaker Info:
[2020.02.24-01.47.27:009][  0]LogAudioMixer: Display: Name: Speakers (Realtek High Definition Audio)
[2020.02.24-01.47.27:009][  0]LogAudioMixer: Display: Is Default: Yes
[2020.02.24-01.47.27:009][  0]LogAudioMixer: Display: Sample Rate: 192000
[2020.02.24-01.47.27:009][  0]LogAudioMixer: Display: Channel Count Used: 2
[2020.02.24-01.47.27:009][  0]LogAudioMixer: Display: Device Channel Count: 2
[2020.02.24-01.47.27:009][  0]LogAudioMixer: Display: Channel Order:
[2020.02.24-01.47.27:009][  0]LogAudioMixer: Display: 0: FrontLeft
[2020.02.24-01.47.27:009][  0]LogAudioMixer: Display: 1: FrontRight
[2020.02.24-01.47.27:040][  0]LogAudioMixer: Display: Using Audio Device Speakers (Realtek High Definition Audio)
[2020.02.24-01.47.27:049][  0]LogInit: FAudioDevice initialized.
[2020.02.24-01.47.27:049][  0]LogNetVersion: Set ProjectVersion to 1.0.0.0. Version Checksum will be recalculated on next use.
[2020.02.24-01.47.27:168][  0]LogDerivedDataCache: Saved boot cache 0.12s 78MB C:/Users/Bob/AppData/Local/UnrealEngine/4.24/DerivedDataCache/Boot.ddc.
[2020.02.24-01.47.27:168][  0]LogInit: Texture streaming: Enabled
[2020.02.24-01.47.27:189][  0]LogEngineSessionManager: EngineSessionManager initialized
[2020.02.24-01.47.27:189][  0]LogEditorSessionSummary: Verbose: Initializing EditorSessionSummaryWriter for editor session tracking
[2020.02.24-01.47.27:196][  0]LogEditorSessionSummary: EditorSessionSummaryWriter initialized
[2020.02.24-01.47.27:250][  0]LogInit: Transaction tracking system initialized
[2020.02.24-01.47.27:267][  0]BlueprintLog: New page: Editor Load
[2020.02.24-01.47.27:317][  0]LocalizationService: Localization service is disabled
[2020.02.24-01.47.27:410][  0]LogVSAccessor: Display: Unable to create Visual Studio setup instance: 80040154
[2020.02.24-01.47.27:411][  0]LogVSAccessor: Display: Unable to create Visual Studio setup instance: 80040154
[2020.02.24-01.47.27:821][  0]LogFileCache: Scanning file cache for directory 'C:/Users/Bob/Documents/GitHub/UnrealTopDownGame/Content/' took 0.01s
[2020.02.24-01.47.27:821][  0]LogCook: Display: Max memory allowance for cook 16384mb min free memory 0mb
[2020.02.24-01.47.27:821][  0]LogCook: Display: Mobile HDR setting 1
[2020.02.24-01.47.28:787][  0]SourceControl: Source control is disabled
[2020.02.24-01.47.28:787][  0]Cmd: MAP LOAD FILE="../../../../../../Users/Bob/Documents/GitHub/UnrealTopDownGame/Content/TwinStickBP/Maps/TwinStickExampleMap.umap" TEMPLATE=0 SHOWPROGRESS=1 FEATURELEVEL=3
[2020.02.24-01.47.28:787][  0]LightingResults: New page: Lighting Build
[2020.02.24-01.47.28:788][  0]LogWorld: UWorld::CleanupWorld for Untitled, bSessionEnded=true, bCleanupResources=true
[2020.02.24-01.47.28:789][  0]LogSlate: InvalidateAllWidgets triggered.  All widgets were invalidated
[2020.02.24-01.47.28:789][  0]MapCheck: New page: Map Check
[2020.02.24-01.47.28:789][  0]LightingResults: New page: Lighting Build
[2020.02.24-01.47.28:845][  0]LogUObjectHash: Compacting FUObjectHashTables data took   3.45ms
[2020.02.24-01.47.29:112][  0]LogAIModule: Creating AISystem for world TwinStickExampleMap
[2020.02.24-01.47.29:122][  0]LogEditorServer: Finished looking for orphan Actors (0.000 secs)
[2020.02.24-01.47.29:182][  0]LogUObjectHash: Compacting FUObjectHashTables data took   4.87ms
[2020.02.24-01.47.29:182][  0]Cmd: MAP CHECKDEP NOCLEARLOG
[2020.02.24-01.47.29:183][  0]MapCheck: Map check complete: 0 Error(s), 0 Warning(s), took 0.246ms to complete.
[2020.02.24-01.47.29:183][  0]LogFileHelpers: Loading map 'TwinStickExampleMap' took 0.396
[2020.02.24-01.47.29:288][  0]LogSlate: Updating window title bar state: overlay mode, drag disabled, window buttons hidden, title bar hidden
[2020.02.24-01.47.29:299][  0]LogSlate: Updating window title bar state: overlay mode, drag disabled, window buttons hidden, title bar hidden
[2020.02.24-01.47.29:310][  0]LogSlate: Updating window title bar state: overlay mode, drag disabled, window buttons hidden, title bar hidden
[2020.02.24-01.47.29:321][  0]LogSlate: Updating window title bar state: overlay mode, drag disabled, window buttons hidden, title bar hidden
[2020.02.24-01.47.29:330][  0]LogCollectionManager: Loaded 0 collections in 0.002838 seconds
[2020.02.24-01.47.29:350][  0]LogFileCache: Scanning file cache for directory 'C:/Users/Bob/Documents/GitHub/UnrealTopDownGame/Saved/Collections/' took 0.00s
[2020.02.24-01.47.29:350][  0]LogFileCache: Scanning file cache for directory 'C:/Users/Bob/Documents/GitHub/UnrealTopDownGame/Content/Developers/Bob/Collections/' took 0.00s
[2020.02.24-01.47.29:350][  0]LogFileCache: Scanning file cache for directory 'C:/Users/Bob/Documents/GitHub/UnrealTopDownGame/Content/Collections/' took 0.00s
[2020.02.24-01.47.29:350][  0]LogContentBrowser: Native class hierarchy populated in 0.0132 seconds. Added 3015 classes and 717 folders.
[2020.02.24-01.47.29:354][  0]LogContentBrowser: Native class hierarchy updated for 'WidgetCarousel' in 0.0003 seconds. Added 0 classes and 0 folders.
[2020.02.24-01.47.29:457][  0]LogContentBrowser: Native class hierarchy updated for 'AddContentDialog' in 0.0004 seconds. Added 0 classes and 0 folders.
[2020.02.24-01.47.29:465][  0]LogContentBrowser: Native class hierarchy updated for 'SceneOutliner' in 0.0005 seconds. Added 2 classes and 3 folders.
[2020.02.24-01.47.29:480][  0]LogContentBrowser: Native class hierarchy updated for 'WorldBrowser' in 0.0004 seconds. Added 2 classes and 3 folders.
[2020.02.24-01.47.29:627][  0]LogSlate: Took 0.000276 seconds to synchronously load lazily loaded font '../../../Engine/Content/Slate/Fonts/Roboto-Regular.ttf' (155K)
[2020.02.24-01.47.30:361][  0]LogSlate: Took 0.000220 seconds to synchronously load lazily loaded font '../../../Engine/Content/Slate/Fonts/Roboto-Bold.ttf' (160K)
[2020.02.24-01.47.30:367][  0]LogSlate: Took 0.000211 seconds to synchronously load lazily loaded font '../../../Engine/Content/Editor/Slate/Fonts/FontAwesome.ttf' (139K)
[2020.02.24-01.47.30:499][  0]LogRenderer: Reallocating scene render targets to support 612x520 Format 10 NumSamples 1 (Frame:1).
[2020.02.24-01.47.30:684][  0]LogContentBrowser: Native class hierarchy updated for 'HierarchicalLODOutliner' in 0.0004 seconds. Added 0 classes and 0 folders.
[2020.02.24-01.47.30:684][  0]LogLoad: (Engine Initialization) Total time: 16.57 seconds
[2020.02.24-01.47.30:684][  0]LogLoad: (Engine Initialization) Total Blueprint compile time: 0.00 seconds
[2020.02.24-01.47.30:742][  0]LogContentStreaming: Texture pool size now 1000 MB
[2020.02.24-01.47.30:759][  0]LogSlate: Took 0.000275 seconds to synchronously load lazily loaded font '../../../Engine/Content/Slate/Fonts/Roboto-Light.ttf' (167K)
[2020.02.24-01.47.30:892][  1]LogAssetRegistry: Asset discovery search completed in 8.1783 seconds
[2020.02.24-01.47.30:898][  1]LogCollectionManager: Fixed up redirectors for 0 collections in 0.000013 seconds (updated 0 objects)
[2020.02.24-01.47.52:971][361]LogRenderer: Reallocating scene render targets to support 612x556 Format 10 NumSamples 1 (Frame:1353).
[2020.02.24-01.48.07:255][310]LogSlate: Took 0.000294 seconds to synchronously load lazily loaded font '../../../Engine/Content/Slate/Fonts/Roboto-Light.ttf' (167K)
[2020.02.24-01.48.07:334][310]LogUObjectHash: Compacting FUObjectHashTables data took   1.21ms
[2020.02.24-01.48.07:544][310]LogSavePackage: Moving '../../../../../../Users/Bob/Documents/GitHub/UnrealTopDownGame/Saved/TwinStickExampleMapA0D5108A4A366C13CF1568AFA1A69442.tmp' to '../../../../../../Users/Bob/Documents/GitHub/UnrealTopDownGame/Content/TwinStickBP/Maps/TwinStickExampleMap.umap'
[2020.02.24-01.48.07:714][310]LogSavePackage: Moving '../../../../../../Users/Bob/Documents/GitHub/UnrealTopDownGame/Saved/TwinStickExampleMap_BuiltDataC941AEE4486FB1F44ED00190681CD765.tmp' to '../../../../../../Users/Bob/Documents/GitHub/UnrealTopDownGame/Content/TwinStickBP/Maps/TwinStickExampleMap_BuiltData.uasset'
[2020.02.24-01.48.07:744][310]AssetCheck: New page: Asset Save: multiple assets
[2020.02.24-01.48.07:744][310]LogContentValidation: Display: Validating World /Game/TwinStickBP/Maps/TwinStickExampleMap.TwinStickExampleMap
[2020.02.24-01.48.07:744][310]LogContentValidation: Display: Validating MapBuildDataRegistry /Game/TwinStickBP/Maps/TwinStickExampleMap_BuiltData.TwinStickExampleMap_BuiltData
[2020.02.24-01.48.46:434][ 94]LogRenderer: Reallocating scene render targets to support 616x556 Format 10 NumSamples 1 (Frame:3614).
[2020.02.24-01.48.46:494][ 95]LogRenderer: Reallocating scene render targets to support 632x556 Format 10 NumSamples 1 (Frame:3616).
[2020.02.24-01.48.46:553][ 96]LogRenderer: Reallocating scene render targets to support 652x556 Format 10 NumSamples 1 (Frame:3618).
[2020.02.24-01.48.46:616][ 97]LogRenderer: Reallocating scene render targets to support 668x556 Format 10 NumSamples 1 (Frame:3620).
[2020.02.24-01.48.46:674][ 98]LogRenderer: Reallocating scene render targets to support 688x556 Format 10 NumSamples 1 (Frame:3622).
[2020.02.24-01.48.46:733][ 99]LogRenderer: Reallocating scene render targets to support 696x556 Format 10 NumSamples 1 (Frame:3624).
[2020.02.24-01.48.46:790][100]LogRenderer: Reallocating scene render targets to support 708x556 Format 10 NumSamples 1 (Frame:3626).
[2020.02.24-01.48.46:848][101]LogRenderer: Reallocating scene render targets to support 712x556 Format 10 NumSamples 1 (Frame:3628).
[2020.02.24-01.48.46:904][102]LogRenderer: Reallocating scene render targets to support 720x556 Format 10 NumSamples 1 (Frame:3630).
[2020.02.24-01.48.46:965][103]LogRenderer: Reallocating scene render targets to support 724x556 Format 10 NumSamples 1 (Frame:3632).
[2020.02.24-01.48.47:028][104]LogRenderer: Reallocating scene render targets to support 732x556 Format 10 NumSamples 1 (Frame:3634).
[2020.02.24-01.48.47:141][106]LogRenderer: Reallocating scene render targets to support 740x556 Format 10 NumSamples 1 (Frame:3638).
[2020.02.24-01.52.27:027][120]LogAudioMixer: Display: Audio Buffer Underrun detected.
[2020.02.24-01.55.45:539][971]LogSlate: Window 'Project Settings' being destroyed
[2020.02.24-01.56.59:479][ 54]LogEditorViewport: Clicking on Actor (LMB): StaticMeshActor (Floor)
[2020.02.24-01.57.04:082][260]LogEditorViewport: Clicking on Actor (LMB): TwinStickPawn_C (TwinStickPawn)
[2020.02.24-01.57.19:295][ 40]LogSlate: Window 'Project Settings' being destroyed
[2020.02.24-01.57.19:311][ 40]LogSlate: Window 'Project Settings' being destroyed
[2020.02.24-01.57.28:581][731]LogAudioMixer: Display: Audio Buffer Underrun detected.
[2020.02.24-01.57.37:179][414]LogBlueprintUserMessages: Early PlayInEditor Detection: Level '/Game/TwinStickBP/Maps/TwinStickExampleMap.TwinStickExampleMap:PersistentLevel' has LevelScriptBlueprint '/Game/TwinStickBP/Maps/TwinStickExampleMap.TwinStickExampleMap:PersistentLevel.TwinStickExampleMap' with GeneratedClass '/Game/TwinStickBP/Maps/TwinStickExampleMap.TwinStickExampleMap_C' with ClassGeneratedBy '/Game/TwinStickBP/Maps/TwinStickExampleMap.TwinStickExampleMap:PersistentLevel.TwinStickExampleMap'
[2020.02.24-01.57.37:179][414]LogPlayLevel: PlayLevel: No blueprints needed recompiling
[2020.02.24-01.57.37:183][414]PIE: New page: PIE session: TwinStickExampleMap (Feb 23, 2020, 3:57:37 PM)
[2020.02.24-01.57.37:184][414]LogOnline: OSS: Creating online subsystem instance for: NULL
[2020.02.24-01.57.37:186][414]LogOnline: OSS: TryLoadSubsystemAndSetDefault: Loaded subsystem for module [NULL]
[2020.02.24-01.57.37:186][414]LogPlayLevel: Creating play world package: /Game/TwinStickBP/Maps/UEDPIE_0_TwinStickExampleMap
[2020.02.24-01.57.37:195][414]LogPlayLevel: PIE: StaticDuplicateObject took: (0.008859s)
[2020.02.24-01.57.37:197][414]LogAIModule: Creating AISystem for world TwinStickExampleMap
[2020.02.24-01.57.37:197][414]LogPlayLevel: PIE: World Init took: (0.001959s)
[2020.02.24-01.57.37:197][414]LogPlayLevel: PIE: Created PIE world by copying editor world from /Game/TwinStickBP/Maps/TwinStickExampleMap.TwinStickExampleMap to /Game/TwinStickBP/Maps/UEDPIE_0_TwinStickExampleMap.TwinStickExampleMap (0.011234s)
[2020.02.24-01.57.37:251][414]LogUObjectHash: Compacting FUObjectHashTables data took   4.63ms
[2020.02.24-01.57.37:267][414]LogAudioMixer: Display: Audio Mixer Platform Settings:
[2020.02.24-01.57.37:268][414]LogAudioMixer: Display: 	Sample Rate:						  48000
[2020.02.24-01.57.37:268][414]LogAudioMixer: Display: 	Callback Buffer Frame Size Requested: 1024
[2020.02.24-01.57.37:268][414]LogAudioMixer: Display: 	Callback Buffer Frame Size To Use:	  1024
[2020.02.24-01.57.37:268][414]LogAudioMixer: Display: 	Number of buffers to queue:			  2
[2020.02.24-01.57.37:268][414]LogAudioMixer: Display: 	Max Channels (voices):				  32
[2020.02.24-01.57.37:268][414]LogAudioMixer: Display: 	Number of Async Source Workers:		  0
[2020.02.24-01.57.37:268][414]LogAudio: Display: AudioDevice MaxSources: 32
[2020.02.24-01.57.37:269][414]LogAudio: Display: Using built-in audio occlusion.
[2020.02.24-01.57.37:269][414]LogAudioMixer: Display: Initializing audio mixer.
[2020.02.24-01.57.37:297][414]LogAudioMixer: Display: Audio Device Output Speaker Info:
[2020.02.24-01.57.37:297][414]LogAudioMixer: Display: Name: Speakers (Realtek High Definition Audio)
[2020.02.24-01.57.37:297][414]LogAudioMixer: Display: Is Default: Yes
[2020.02.24-01.57.37:297][414]LogAudioMixer: Display: Sample Rate: 192000
[2020.02.24-01.57.37:297][414]LogAudioMixer: Display: Channel Count Used: 2
[2020.02.24-01.57.37:297][414]LogAudioMixer: Display: Device Channel Count: 2
[2020.02.24-01.57.37:297][414]LogAudioMixer: Display: Channel Order:
[2020.02.24-01.57.37:297][414]LogAudioMixer: Display: 0: FrontLeft
[2020.02.24-01.57.37:297][414]LogAudioMixer: Display: 1: FrontRight
[2020.02.24-01.57.37:326][414]LogAudioMixer: Display: Using Audio Device Speakers (Realtek High Definition Audio)
[2020.02.24-01.57.37:329][414]LogInit: FAudioDevice initialized.
[2020.02.24-01.57.37:342][414]LogLoad: Game class is 'TwinStickGameMode_C'
[2020.02.24-01.57.37:346][414]LogWorld: Bringing World /Game/TwinStickBP/Maps/UEDPIE_0_TwinStickExampleMap.TwinStickExampleMap up for play (max tick rate 0) at 2020.02.23-20.57.37
[2020.02.24-01.57.37:346][414]LogWorld: Bringing up level for play took: 0.002020
[2020.02.24-01.57.37:347][414]LogOnline: OSS: Creating online subsystem instance for: :Context_3
[2020.02.24-01.57.37:355][414]LogContentBrowser: Native class hierarchy updated for 'MovieSceneCapture' in 0.0006 seconds. Added 20 classes and 0 folders.
[2020.02.24-01.57.37:357][414]PIE: Play in editor start time for /Game/TwinStickBP/Maps/UEDPIE_0_TwinStickExampleMap 0.855
[2020.02.24-01.57.37:357][414]LogBlueprintUserMessages: Late PlayInEditor Detection: Level '/Game/TwinStickBP/Maps/TwinStickExampleMap.TwinStickExampleMap:PersistentLevel' has LevelScriptBlueprint '/Game/TwinStickBP/Maps/TwinStickExampleMap.TwinStickExampleMap:PersistentLevel.TwinStickExampleMap' with GeneratedClass '/Game/TwinStickBP/Maps/TwinStickExampleMap.TwinStickExampleMap_C' with ClassGeneratedBy '/Game/TwinStickBP/Maps/TwinStickExampleMap.TwinStickExampleMap:PersistentLevel.TwinStickExampleMap'
[2020.02.24-01.57.45:611][897]LogSlate: Updating window title bar state: overlay mode, drag disabled, window buttons hidden, title bar hidden
[2020.02.24-01.57.45:611][897]LogBlueprintUserMessages: Early EndPlayMap Detection: Level '/Game/TwinStickBP/Maps/TwinStickExampleMap.TwinStickExampleMap:PersistentLevel' has LevelScriptBlueprint '/Game/TwinStickBP/Maps/TwinStickExampleMap.TwinStickExampleMap:PersistentLevel.TwinStickExampleMap' with GeneratedClass '/Game/TwinStickBP/Maps/TwinStickExampleMap.TwinStickExampleMap_C' with ClassGeneratedBy '/Game/TwinStickBP/Maps/TwinStickExampleMap.TwinStickExampleMap:PersistentLevel.TwinStickExampleMap'
[2020.02.24-01.57.45:611][897]LogWorld: BeginTearingDown for /Game/TwinStickBP/Maps/UEDPIE_0_TwinStickExampleMap
[2020.02.24-01.57.45:612][897]LogAudioMixer: Display: No commands were queued while flushing the source manager.
[2020.02.24-01.57.45:612][897]LogWorld: UWorld::CleanupWorld for TwinStickExampleMap, bSessionEnded=true, bCleanupResources=true
[2020.02.24-01.57.45:612][897]LogSlate: InvalidateAllWidgets triggered.  All widgets were invalidated
[2020.02.24-01.57.45:620][897]LogPlayLevel: Display: Shutting down PIE online subsystems
[2020.02.24-01.57.45:621][897]LogBlueprintUserMessages: Late EndPlayMap Detection: Level '/Game/TwinStickBP/Maps/TwinStickExampleMap.TwinStickExampleMap:PersistentLevel' has LevelScriptBlueprint '/Game/TwinStickBP/Maps/TwinStickExampleMap.TwinStickExampleMap:PersistentLevel.TwinStickExampleMap' with GeneratedClass '/Game/TwinStickBP/Maps/TwinStickExampleMap.TwinStickExampleMap_C' with ClassGeneratedBy '/Game/TwinStickBP/Maps/TwinStickExampleMap.TwinStickExampleMap:PersistentLevel.TwinStickExampleMap'
[2020.02.24-01.57.45:630][897]LogSlate: InvalidateAllWidgets triggered.  All widgets were invalidated
[2020.02.24-01.57.45:678][897]LogAudioMixer: Display: No commands were queued while flushing the source manager.
[2020.02.24-01.57.45:682][897]LogSlate: Updating window title bar state: overlay mode, drag disabled, window buttons hidden, title bar hidden
[2020.02.24-01.57.45:698][897]LogUObjectHash: Compacting FUObjectHashTables data took   3.54ms
[2020.02.24-01.57.45:748][898]LogPlayLevel: Display: Destroying online subsystem :Context_3
[2020.02.24-01.59.55:920][161]LogBlueprintUserMessages: Early PlayInEditor Detection: Level '/Game/TwinStickBP/Maps/TwinStickExampleMap.TwinStickExampleMap:PersistentLevel' has LevelScriptBlueprint '/Game/TwinStickBP/Maps/TwinStickExampleMap.TwinStickExampleMap:PersistentLevel.TwinStickExampleMap' with GeneratedClass '/Game/TwinStickBP/Maps/TwinStickExampleMap.TwinStickExampleMap_C' with ClassGeneratedBy '/Game/TwinStickBP/Maps/TwinStickExampleMap.TwinStickExampleMap:PersistentLevel.TwinStickExampleMap'
[2020.02.24-01.59.55:920][161]LogPlayLevel: PlayLevel: No blueprints needed recompiling
[2020.02.24-01.59.55:920][161]PIE: New page: PIE session: TwinStickExampleMap (Feb 23, 2020, 3:59:55 PM)
[2020.02.24-01.59.55:920][161]LogPlayLevel: Creating play world package: /Game/TwinStickBP/Maps/UEDPIE_0_TwinStickExampleMap
[2020.02.24-01.59.55:932][161]LogPlayLevel: PIE: StaticDuplicateObject took: (0.011621s)
[2020.02.24-01.59.55:934][161]LogAIModule: Creating AISystem for world TwinStickExampleMap
[2020.02.24-01.59.55:935][161]LogPlayLevel: PIE: World Init took: (0.002805s)
[2020.02.24-01.59.55:935][161]LogPlayLevel: PIE: Created PIE world by copying editor world from /Game/TwinStickBP/Maps/TwinStickExampleMap.TwinStickExampleMap to /Game/TwinStickBP/Maps/UEDPIE_0_TwinStickExampleMap.TwinStickExampleMap (0.014686s)
[2020.02.24-01.59.55:977][161]LogUObjectHash: Compacting FUObjectHashTables data took   3.39ms
[2020.02.24-01.59.55:983][161]LogAudioMixer: Display: Audio Mixer Platform Settings:
[2020.02.24-01.59.55:983][161]LogAudioMixer: Display: 	Sample Rate:						  48000
[2020.02.24-01.59.55:983][161]LogAudioMixer: Display: 	Callback Buffer Frame Size Requested: 1024
[2020.02.24-01.59.55:983][161]LogAudioMixer: Display: 	Callback Buffer Frame Size To Use:	  1024
[2020.02.24-01.59.55:983][161]LogAudioMixer: Display: 	Number of buffers to queue:			  2
[2020.02.24-01.59.55:983][161]LogAudioMixer: Display: 	Max Channels (voices):				  32
[2020.02.24-01.59.55:983][161]LogAudioMixer: Display: 	Number of Async Source Workers:		  0
[2020.02.24-01.59.55:983][161]LogAudio: Display: AudioDevice MaxSources: 32
[2020.02.24-01.59.55:985][161]LogAudio: Display: Using built-in audio occlusion.
[2020.02.24-01.59.55:985][161]LogAudioMixer: Display: Initializing audio mixer.
[2020.02.24-01.59.56:010][161]LogAudioMixer: Display: Audio Device Output Speaker Info:
[2020.02.24-01.59.56:010][161]LogAudioMixer: Display: Name: Speakers (Realtek High Definition Audio)
[2020.02.24-01.59.56:010][161]LogAudioMixer: Display: Is Default: Yes
[2020.02.24-01.59.56:010][161]LogAudioMixer: Display: Sample Rate: 192000
[2020.02.24-01.59.56:010][161]LogAudioMixer: Display: Channel Count Used: 2
[2020.02.24-01.59.56:010][161]LogAudioMixer: Display: Device Channel Count: 2
[2020.02.24-01.59.56:010][161]LogAudioMixer: Display: Channel Order:
[2020.02.24-01.59.56:010][161]LogAudioMixer: Display: 0: FrontLeft
[2020.02.24-01.59.56:010][161]LogAudioMixer: Display: 1: FrontRight
[2020.02.24-01.59.56:036][161]LogAudioMixer: Display: Using Audio Device Speakers (Realtek High Definition Audio)
[2020.02.24-01.59.56:040][161]LogInit: FAudioDevice initialized.
[2020.02.24-01.59.56:046][161]LogLoad: Game class is 'TwinStickGameMode_C'
[2020.02.24-01.59.56:049][161]LogWorld: Bringing World /Game/TwinStickBP/Maps/UEDPIE_0_TwinStickExampleMap.TwinStickExampleMap up for play (max tick rate 0) at 2020.02.23-20.59.56
[2020.02.24-01.59.56:049][161]LogWorld: Bringing up level for play took: 0.002236
[2020.02.24-01.59.56:049][161]LogOnline: OSS: Creating online subsystem instance for: :Context_4
[2020.02.24-01.59.56:052][161]PIE: Play in editor start time for /Game/TwinStickBP/Maps/UEDPIE_0_TwinStickExampleMap -0.452
[2020.02.24-01.59.56:052][161]LogBlueprintUserMessages: Late PlayInEditor Detection: Level '/Game/TwinStickBP/Maps/TwinStickExampleMap.TwinStickExampleMap:PersistentLevel' has LevelScriptBlueprint '/Game/TwinStickBP/Maps/TwinStickExampleMap.TwinStickExampleMap:PersistentLevel.TwinStickExampleMap' with GeneratedClass '/Game/TwinStickBP/Maps/TwinStickExampleMap.TwinStickExampleMap_C' with ClassGeneratedBy '/Game/TwinStickBP/Maps/TwinStickExampleMap.TwinStickExampleMap:PersistentLevel.TwinStickExampleMap'
[2020.02.24-02.01.54:343][226]LogAudioMixer: Display: No commands were queued while flushing the source manager.
[2020.02.24-02.01.54:343][226]LogAudioMixer: Display: No commands were queued while flushing the source manager.
[2020.02.24-02.01.54:343][226]LogBlueprintUserMessages: Early EndPlayMap Detection: Level '/Game/TwinStickBP/Maps/TwinStickExampleMap.TwinStickExampleMap:PersistentLevel' has LevelScriptBlueprint '/Game/TwinStickBP/Maps/TwinStickExampleMap.TwinStickExampleMap:PersistentLevel.TwinStickExampleMap' with GeneratedClass '/Game/TwinStickBP/Maps/TwinStickExampleMap.TwinStickExampleMap_C' with ClassGeneratedBy '/Game/TwinStickBP/Maps/TwinStickExampleMap.TwinStickExampleMap:PersistentLevel.TwinStickExampleMap'
[2020.02.24-02.01.54:343][226]LogSlate: Updating window title bar state: overlay mode, drag disabled, window buttons hidden, title bar hidden
[2020.02.24-02.01.54:343][226]LogWorld: BeginTearingDown for /Game/TwinStickBP/Maps/UEDPIE_0_TwinStickExampleMap
[2020.02.24-02.01.54:343][226]LogAudioMixer: Display: No commands were queued while flushing the source manager.
[2020.02.24-02.01.54:343][226]LogWorld: UWorld::CleanupWorld for TwinStickExampleMap, bSessionEnded=true, bCleanupResources=true
[2020.02.24-02.01.54:344][226]LogSlate: InvalidateAllWidgets triggered.  All widgets were invalidated
[2020.02.24-02.01.54:369][226]LogPlayLevel: Display: Shutting down PIE online subsystems
[2020.02.24-02.01.54:370][226]LogBlueprintUserMessages: Late EndPlayMap Detection: Level '/Game/TwinStickBP/Maps/TwinStickExampleMap.TwinStickExampleMap:PersistentLevel' has LevelScriptBlueprint '/Game/TwinStickBP/Maps/TwinStickExampleMap.TwinStickExampleMap:PersistentLevel.TwinStickExampleMap' with GeneratedClass '/Game/TwinStickBP/Maps/TwinStickExampleMap.TwinStickExampleMap_C' with ClassGeneratedBy '/Game/TwinStickBP/Maps/TwinStickExampleMap.TwinStickExampleMap:PersistentLevel.TwinStickExampleMap'
[2020.02.24-02.01.54:378][226]LogSlate: InvalidateAllWidgets triggered.  All widgets were invalidated
[2020.02.24-02.01.54:423][226]LogAudioMixer: Display: No commands were queued while flushing the source manager.
[2020.02.24-02.01.54:427][226]LogSlate: Updating window title bar state: overlay mode, drag disabled, window buttons hidden, title bar hidden
[2020.02.24-02.01.54:433][226]LogUObjectHash: Compacting FUObjectHashTables data took   3.70ms
[2020.02.24-02.01.54:467][227]LogPlayLevel: Display: Destroying online subsystem :Context_4
[2020.02.24-02.02.36:718][418]LogBlueprintUserMessages: Early PlayInEditor Detection: Level '/Game/TwinStickBP/Maps/TwinStickExampleMap.TwinStickExampleMap:PersistentLevel' has LevelScriptBlueprint '/Game/TwinStickBP/Maps/TwinStickExampleMap.TwinStickExampleMap:PersistentLevel.TwinStickExampleMap' with GeneratedClass '/Game/TwinStickBP/Maps/TwinStickExampleMap.TwinStickExampleMap_C' with ClassGeneratedBy '/Game/TwinStickBP/Maps/TwinStickExampleMap.TwinStickExampleMap:PersistentLevel.TwinStickExampleMap'
[2020.02.24-02.02.36:718][418]LogPlayLevel: PlayLevel: No blueprints needed recompiling
[2020.02.24-02.02.36:719][418]PIE: New page: SIE session: TwinStickExampleMap (Feb 23, 2020, 4:02:36 PM)
[2020.02.24-02.02.36:719][418]LogPlayLevel: Creating play world package: /Game/TwinStickBP/Maps/UEDPIE_0_TwinStickExampleMap
[2020.02.24-02.02.36:727][418]LogPlayLevel: PIE: StaticDuplicateObject took: (0.008445s)
[2020.02.24-02.02.36:730][418]LogAIModule: Creating AISystem for world TwinStickExampleMap
[2020.02.24-02.02.36:730][418]LogPlayLevel: PIE: World Init took: (0.002366s)
[2020.02.24-02.02.36:730][418]LogPlayLevel: PIE: Created PIE world by copying editor world from /Game/TwinStickBP/Maps/TwinStickExampleMap.TwinStickExampleMap to /Game/TwinStickBP/Maps/UEDPIE_0_TwinStickExampleMap.TwinStickExampleMap (0.011082s)
[2020.02.24-02.02.36:777][418]LogUObjectHash: Compacting FUObjectHashTables data took   4.70ms
[2020.02.24-02.02.36:779][418]LogAudioMixer: Display: Audio Mixer Platform Settings:
[2020.02.24-02.02.36:779][418]LogAudioMixer: Display: 	Sample Rate:						  48000
[2020.02.24-02.02.36:779][418]LogAudioMixer: Display: 	Callback Buffer Frame Size Requested: 1024
[2020.02.24-02.02.36:779][418]LogAudioMixer: Display: 	Callback Buffer Frame Size To Use:	  1024
[2020.02.24-02.02.36:779][418]LogAudioMixer: Display: 	Number of buffers to queue:			  2
[2020.02.24-02.02.36:779][418]LogAudioMixer: Display: 	Max Channels (voices):				  32
[2020.02.24-02.02.36:779][418]LogAudioMixer: Display: 	Number of Async Source Workers:		  0
[2020.02.24-02.02.36:779][418]LogAudio: Display: AudioDevice MaxSources: 32
[2020.02.24-02.02.36:780][418]LogAudio: Display: Using built-in audio occlusion.
[2020.02.24-02.02.36:780][418]LogAudioMixer: Display: Initializing audio mixer.
[2020.02.24-02.02.36:809][418]LogAudioMixer: Display: Audio Device Output Speaker Info:
[2020.02.24-02.02.36:809][418]LogAudioMixer: Display: Name: Speakers (Realtek High Definition Audio)
[2020.02.24-02.02.36:809][418]LogAudioMixer: Display: Is Default: Yes
[2020.02.24-02.02.36:809][418]LogAudioMixer: Display: Sample Rate: 192000
[2020.02.24-02.02.36:809][418]LogAudioMixer: Display: Channel Count Used: 2
[2020.02.24-02.02.36:809][418]LogAudioMixer: Display: Device Channel Count: 2
[2020.02.24-02.02.36:809][418]LogAudioMixer: Display: Channel Order:
[2020.02.24-02.02.36:809][418]LogAudioMixer: Display: 0: FrontLeft
[2020.02.24-02.02.36:809][418]LogAudioMixer: Display: 1: FrontRight
[2020.02.24-02.02.36:833][418]LogAudioMixer: Display: Using Audio Device Speakers (Realtek High Definition Audio)
[2020.02.24-02.02.36:836][418]LogInit: FAudioDevice initialized.
[2020.02.24-02.02.36:849][418]LogLoad: Game class is 'TwinStickGameMode_C'
[2020.02.24-02.02.36:852][418]LogWorld: Bringing World /Game/TwinStickBP/Maps/UEDPIE_0_TwinStickExampleMap.TwinStickExampleMap up for play (max tick rate 0) at 2020.02.23-21.02.36
[2020.02.24-02.02.36:852][418]LogWorld: Bringing up level for play took: 0.002249
[2020.02.24-02.02.36:852][418]LogOnline: OSS: Creating online subsystem instance for: :Context_5
[2020.02.24-02.02.36:862][418]PIE: Play in editor start time for /Game/TwinStickBP/Maps/UEDPIE_0_TwinStickExampleMap 0.357
[2020.02.24-02.02.36:864][418]LogBlueprintUserMessages: Late PlayInEditor Detection: Level '/Game/TwinStickBP/Maps/TwinStickExampleMap.TwinStickExampleMap:PersistentLevel' has LevelScriptBlueprint '/Game/TwinStickBP/Maps/TwinStickExampleMap.TwinStickExampleMap:PersistentLevel.TwinStickExampleMap' with GeneratedClass '/Game/TwinStickBP/Maps/TwinStickExampleMap.TwinStickExampleMap_C' with ClassGeneratedBy '/Game/TwinStickBP/Maps/TwinStickExampleMap.TwinStickExampleMap:PersistentLevel.TwinStickExampleMap'
[2020.02.24-02.02.37:630][446]LogEditorViewport: Clicking on Actor (LMB): StaticMeshActor (Floor)
[2020.02.24-02.02.42:542][632]LogEditorViewport: Clicking on Actor (LMB): TextRenderActor (TemplateLabel)
[2020.02.24-02.02.53:073][142]LogAudioMixer: Display: No commands were queued while flushing the source manager.
[2020.02.24-02.02.53:073][142]LogAudioMixer: Display: No commands were queued while flushing the source manager.
[2020.02.24-02.02.53:073][142]LogBlueprintUserMessages: Early EndPlayMap Detection: Level '/Game/TwinStickBP/Maps/TwinStickExampleMap.TwinStickExampleMap:PersistentLevel' has LevelScriptBlueprint '/Game/TwinStickBP/Maps/TwinStickExampleMap.TwinStickExampleMap:PersistentLevel.TwinStickExampleMap' with GeneratedClass '/Game/TwinStickBP/Maps/TwinStickExampleMap.TwinStickExampleMap_C' with ClassGeneratedBy '/Game/TwinStickBP/Maps/TwinStickExampleMap.TwinStickExampleMap:PersistentLevel.TwinStickExampleMap'
[2020.02.24-02.02.53:074][142]LogSlate: Updating window title bar state: overlay mode, drag disabled, window buttons hidden, title bar hidden
[2020.02.24-02.02.53:074][142]LogWorld: BeginTearingDown for /Game/TwinStickBP/Maps/UEDPIE_0_TwinStickExampleMap
[2020.02.24-02.02.53:076][142]LogAudioMixer: Display: No commands were queued while flushing the source manager.
[2020.02.24-02.02.53:076][142]LogWorld: UWorld::CleanupWorld for TwinStickExampleMap, bSessionEnded=true, bCleanupResources=true
[2020.02.24-02.02.53:077][142]LogSlate: InvalidateAllWidgets triggered.  All widgets were invalidated
[2020.02.24-02.02.53:096][142]LogPlayLevel: Display: Shutting down PIE online subsystems
[2020.02.24-02.02.53:096][142]LogBlueprintUserMessages: Late EndPlayMap Detection: Level '/Game/TwinStickBP/Maps/TwinStickExampleMap.TwinStickExampleMap:PersistentLevel' has LevelScriptBlueprint '/Game/TwinStickBP/Maps/TwinStickExampleMap.TwinStickExampleMap:PersistentLevel.TwinStickExampleMap' with GeneratedClass '/Game/TwinStickBP/Maps/TwinStickExampleMap.TwinStickExampleMap_C' with ClassGeneratedBy '/Game/TwinStickBP/Maps/TwinStickExampleMap.TwinStickExampleMap:PersistentLevel.TwinStickExampleMap'
[2020.02.24-02.02.53:104][142]LogSlate: InvalidateAllWidgets triggered.  All widgets were invalidated
[2020.02.24-02.02.53:157][142]LogAudioMixer: Display: No commands were queued while flushing the source manager.
[2020.02.24-02.02.53:160][142]LogSlate: Updating window title bar state: overlay mode, drag disabled, window buttons hidden, title bar hidden
[2020.02.24-02.02.53:165][142]LogUObjectHash: Compacting FUObjectHashTables data took   3.44ms
[2020.02.24-02.02.53:198][143]LogPlayLevel: Display: Destroying online subsystem :Context_5
[2020.02.24-02.03.05:035][738]LogAudioMixer: Display: Audio Buffer Underrun detected.
[2020.02.24-02.05.42:641][602]LogActorFactory: Actor Factory created MaterialSphere
[2020.02.24-02.05.43:096][620]LogActorFactory: Actor Factory created MaterialSphere
[2020.02.24-02.08.43:943][128]LogAudioMixer: Display: Audio Buffer Underrun detected.
[2020.02.24-02.12.45:595][839]LogSlate: Window 'Save Asset As' being destroyed
[2020.02.24-02.13.11:416][286]LogSlate: Window 'Save Asset As' being destroyed
[2020.02.24-02.13.56:025][ 59]LogSlate: Window 'Save Asset As' being destroyed
[2020.02.24-02.14.02:052][ 59]LogSlate: Window 'Pick Physical Material Class' being destroyed
[2020.02.24-02.14.05:237][280]LogUObjectHash: Compacting FUObjectHashTables data took   4.24ms
[2020.02.24-02.14.05:470][280]LogSavePackage: Moving '../../../../../../Users/Bob/Documents/GitHub/UnrealTopDownGame/Saved/TwinStickExampleMap_Auto1C6C1C4364BBE31F49AC35D91AD4CD1AD.tmp' to '../../../../../../Users/Bob/Documents/GitHub/UnrealTopDownGame/Saved/Autosaves/Game/TwinStickBP/Maps/TwinStickExampleMap_Auto1.umap'
[2020.02.24-02.14.05:471][280]LogFileHelpers: Editor autosave (incl. sublevels) for '/Game/TwinStickBP/Maps/TwinStickExampleMap' took 0.282
[2020.02.24-02.14.05:471][280]LogFileHelpers: Editor autosave (incl. sublevels) for all levels took 0.282
[2020.02.24-02.14.05:472][280]OBJ SavePackage: Generating thumbnails for [0] asset(s) in package [/Game/NewPhysicalMaterial] ([1] browsable assets)...
[2020.02.24-02.14.05:472][280]OBJ SavePackage: Finished generating thumbnails for package [/Game/NewPhysicalMaterial]
[2020.02.24-02.14.05:474][280]LogSavePackage: Moving '../../../../../../Users/Bob/Documents/GitHub/UnrealTopDownGame/Saved/NewPhysicalMaterial_Auto14C433B2943948BE95C41579BA97CF266.tmp' to '../../../../../../Users/Bob/Documents/GitHub/UnrealTopDownGame/Saved/Autosaves/Game/NewPhysicalMaterial_Auto1.uasset'
[2020.02.24-02.14.05:475][280]LogFileHelpers: Auto-saving content packages took 0.004
[2020.02.24-02.14.10:660][561]LogAssetEditorSubsystem: Opening Asset editor for PhysicalMaterial /Game/NewPhysicalMaterial.NewPhysicalMaterial
[2020.02.24-02.19.53:618][188]LogAssetEditorSubsystem: Opening Asset editor for Blueprint /Game/TwinStickBP/Blueprints/TwinStickProjectile.TwinStickProjectile
[2020.02.24-02.19.53:924][188]LogContentBrowser: Native class hierarchy updated for 'BlueprintGraph' in 0.0009 seconds. Added 121 classes and 0 folders.
[2020.02.24-02.19.55:437][188]LogSlate: Took 0.000317 seconds to synchronously load lazily loaded font '../../../Engine/Content/Slate/Fonts/Roboto-BoldCondensed.ttf' (158K)
[2020.02.24-02.19.57:020][260]LogSlate: Took 0.001991 seconds to synchronously load lazily loaded font '../../../Engine/Content/Slate/Fonts/Roboto-Italic.ttf' (157K)
[2020.02.24-02.20.54:449][624]LogAssetEditorSubsystem: Opening Asset editor for StaticMesh /Game/TwinStick/Meshes/TwinStickProjectile.TwinStickProjectile
[2020.02.24-02.20.55:915][625]LogRenderer: Reallocating scene render targets to support 760x684 Format 10 NumSamples 1 (Frame:1).
[2020.02.24-02.24.05:979][816]LogUObjectHash: Compacting FUObjectHashTables data took  13.19ms
[2020.02.24-02.24.05:980][816]LogFileHelpers: Editor autosave (incl. sublevels) for '/Game/TwinStickBP/Maps/TwinStickExampleMap' took 0.146
[2020.02.24-02.24.05:981][816]OBJ SavePackage: Generating thumbnails for [0] asset(s) in package [/Game/NewPhysicalMaterial] ([1] browsable assets)...
[2020.02.24-02.24.05:981][816]OBJ SavePackage: Finished generating thumbnails for package [/Game/NewPhysicalMaterial]
[2020.02.24-02.24.05:989][816]LogSavePackage: Moving '../../../../../../Users/Bob/Documents/GitHub/UnrealTopDownGame/Saved/NewPhysicalMaterial_Auto29EF2CDC8434FEC91C83A99877303DD70.tmp' to '../../../../../../Users/Bob/Documents/GitHub/UnrealTopDownGame/Saved/Autosaves/Game/NewPhysicalMaterial_Auto2.uasset'
[2020.02.24-02.24.05:990][816]LogFileHelpers: Auto-saving content packages took 0.010
[2020.02.24-02.34.06:305][285]LogUObjectHash: Compacting FUObjectHashTables data took   8.03ms
[2020.02.24-02.34.06:313][285]LogFileHelpers: Editor autosave (incl. sublevels) for '/Game/TwinStickBP/Maps/TwinStickExampleMap' took 0.087
[2020.02.24-02.34.06:315][285]OBJ SavePackage: Generating thumbnails for [1] asset(s) in package [/Game/TwinStickBP/Blueprints/TwinStickProjectile] ([1] browsable assets)...
[2020.02.24-02.34.06:350][285]OBJ SavePackage:     Rendered thumbnail for [Blueprint /Game/TwinStickBP/Blueprints/TwinStickProjectile.TwinStickProjectile]
[2020.02.24-02.34.06:350][285]OBJ SavePackage: Finished generating thumbnails for package [/Game/TwinStickBP/Blueprints/TwinStickProjectile]
[2020.02.24-02.34.06:401][285]LogSavePackage: Moving '../../../../../../Users/Bob/Documents/GitHub/UnrealTopDownGame/Saved/TwinStickProjectile_Auto3CB547BDA4D00D835F55BC6BA136AF242.tmp' to '../../../../../../Users/Bob/Documents/GitHub/UnrealTopDownGame/Saved/Autosaves/Game/TwinStickBP/Blueprints/TwinStickProjectile_Auto3.uasset'
[2020.02.24-02.34.06:402][285]LogFileHelpers: Auto-saving content packages took 0.088
[2020.02.24-02.39.20:858][ 10]LogWorld: UWorld::CleanupWorld for World_4, bSessionEnded=true, bCleanupResources=true
[2020.02.24-02.39.20:858][ 10]LogSlate: InvalidateAllWidgets triggered.  All widgets were invalidated
[2020.02.24-02.39.21:996][ 48]LogWorld: UWorld::CleanupWorld for World_5, bSessionEnded=true, bCleanupResources=true
[2020.02.24-02.39.21:996][ 48]LogSlate: InvalidateAllWidgets triggered.  All widgets were invalidated
[2020.02.24-02.39.23:268][106]LogSlate: Window 'NewPhysicalMaterial' being destroyed
[2020.02.24-02.39.24:715][164]LogAssetEditorSubsystem: Opening Asset editor for Blueprint /Game/TwinStickBP/Blueprints/TwinStickPawn.TwinStickPawn
[2020.02.24-02.42.03:943][750]LogEditorViewport: Clicking on Actor (LMB): StaticMeshActor (Wall6)
[2020.02.24-02.42.19:002][291]LogEditorViewport: Clicking on Actor (LMB): StaticMeshActor (Wall1)
[2020.02.24-02.42.20:683][451]LogEditorViewport: Clicking on Actor (LMB): StaticMeshActor (Wall6)
[2020.02.24-02.42.24:001][790]Cmd: DELETE
[2020.02.24-02.42.24:002][790]Cmd: ACTOR DELETE
[2020.02.24-02.42.24:024][790]LogEditorActor: Deleted Actor: StaticMeshActor
[2020.02.24-02.42.24:141][790]LogUObjectHash: Compacting FUObjectHashTables data took   7.28ms
[2020.02.24-02.42.24:147][790]LogEditorActor: Deleted 1 Actors (0.134 secs)
[2020.02.24-02.42.25:947][  4]LogEditorViewport: Clicking on Actor (LMB): StaticMeshActor (Wall5)
[2020.02.24-02.42.32:488][612]LogEditorViewport: Clicking on Actor (LMB): StaticMeshActor (Floor)
[2020.02.24-02.42.33:676][730]LogEditorViewport: Clicking on Actor (LMB): StaticMeshActor (Wall5)
[2020.02.24-02.42.45:872][786]LogEditorViewport: Clicking on Actor (LMB): StaticMeshActor (Wall5)
[2020.02.24-02.42.54:259][635]LogEditorViewport: Clicking on Actor (LMB): TwinStickPawn_C (TwinStickPawn)
[2020.02.24-02.43.17:283][870]LogUObjectHash: Compacting FUObjectHashTables data took   9.16ms
[2020.02.24-02.43.17:374][870]LogUObjectHash: Compacting FUObjectHashTables data took   7.22ms
[2020.02.24-02.43.17:737][870]LogSavePackage: Moving '../../../../../../Users/Bob/Documents/GitHub/UnrealTopDownGame/Saved/TwinStickExampleMapEC7013E446EA61FC840E5280CB27131F.tmp' to '../../../../../../Users/Bob/Documents/GitHub/UnrealTopDownGame/Content/TwinStickBP/Maps/TwinStickExampleMap.umap'
[2020.02.24-02.43.17:810][870]LogFileHelpers: Saving map 'TwinStickExampleMap' took 0.506
[2020.02.24-02.43.17:898][870]LogSavePackage: Moving '../../../../../../Users/Bob/Documents/GitHub/UnrealTopDownGame/Saved/TwinStickPawn0C5C8CEF43779B3F61BC45B2240A0B7B.tmp' to '../../../../../../Users/Bob/Documents/GitHub/UnrealTopDownGame/Content/TwinStickBP/Blueprints/TwinStickPawn.uasset'
[2020.02.24-02.43.17:923][870]LogSavePackage: Moving '../../../../../../Users/Bob/Documents/GitHub/UnrealTopDownGame/Saved/TwinStickProjectile294AF21D4088BB432B2776804160AA25.tmp' to '../../../../../../Users/Bob/Documents/GitHub/UnrealTopDownGame/Content/TwinStickBP/Blueprints/TwinStickProjectile.uasset'
[2020.02.24-02.43.17:925][870]Cmd: OBJ SAVEPACKAGE PACKAGE="/Game/NewPhysicalMaterial" FILE="../../../../../../Users/Bob/Documents/GitHub/UnrealTopDownGame/Content/NewPhysicalMaterial.uasset" SILENT=true
[2020.02.24-02.43.17:928][870]LogSavePackage: Moving '../../../../../../Users/Bob/Documents/GitHub/UnrealTopDownGame/Saved/NewPhysicalMaterial77ACBB85458C4DA9BCD09CAE6355675A.tmp' to '../../../../../../Users/Bob/Documents/GitHub/UnrealTopDownGame/Content/NewPhysicalMaterial.uasset'
[2020.02.24-02.43.18:040][870]AssetCheck: New page: Asset Save: multiple assets
[2020.02.24-02.43.18:040][870]LogContentValidation: Display: Validating World /Game/TwinStickBP/Maps/TwinStickExampleMap.TwinStickExampleMap
[2020.02.24-02.43.18:040][870]LogContentValidation: Display: Validating Blueprint /Game/TwinStickBP/Blueprints/TwinStickPawn.TwinStickPawn
[2020.02.24-02.43.18:040][870]LogContentValidation: Display: Validating Blueprint /Game/TwinStickBP/Blueprints/TwinStickProjectile.TwinStickProjectile
[2020.02.24-02.43.18:040][870]LogContentValidation: Display: Validating PhysicalMaterial /Game/NewPhysicalMaterial.NewPhysicalMaterial
[2020.02.24-02.43.19:311][927]LogSlate: Window 'TwinStickPawn' being destroyed
[2020.02.24-02.43.19:344][927]LogWorld: UWorld::CleanupWorld for World_6, bSessionEnded=true, bCleanupResources=true
[2020.02.24-02.43.19:344][927]LogSlate: InvalidateAllWidgets triggered.  All widgets were invalidated
[2020.02.24-02.43.44:558][473]LogAudioMixer: Display: Audio Buffer Underrun detected.
[2020.02.24-02.45.55:565][865]LogAudioMixer: Display: Audio Buffer Underrun detected.
